tensor([[  -inf,   -inf,   -inf,   -inf,   -inf,   -inf,   -inf,   -inf,   -inf,
           -inf,   -inf,   -inf,   -inf,   -inf,   -inf,   -inf],
        [  -inf, 1.0000, 1.0000, 1.0000, 1.0000, 1.0000, 1.0000, 1.0000, 1.0000,
         1.0000, 1.0000, 1.0000, 1.0000, 1.0000, 1.0000, 1.0000],
        [  -inf,   -inf, 1.7151, 1.7151, 1.7151, 1.7151, 1.7151, 1.7151, 1.7151,
         1.7151, 1.7151, 1.7151, 1.7151, 1.7151, 1.7151, 1.7151],
        [  -inf,   -inf, 1.8022, 2.2265, 2.2265, 2.2265, 2.2265, 2.2265, 2.2265,
         2.2265, 2.2265, 2.2265, 2.2265, 2.2265, 2.2265, 2.2265],
        [  -inf,   -inf, 1.8410, 2.3136, 2.5921, 2.5921, 2.5921, 2.5921, 2.5921,
         2.5921, 2.5921, 2.5921, 2.5921, 2.5921, 2.5921, 2.5921],
        [  -inf,   -inf, 1.8640, 2.3759, 2.6792, 2.8536, 2.8536, 2.8536, 2.8536,
         2.8536, 2.8536, 2.8536, 2.8536, 2.8536, 2.8536, 2.8536],
        [  -inf,   -inf, 1.8811, 2.4381, 2.7415, 2.9407, 3.0406, 3.0406, 3.0406,
         3.0406, 3.0406, 3.0406, 3.0406, 3.0406, 3.0406, 3.0406],
        [  -inf,   -inf, 1.8942, 2.4769, 2.8038, 3.0030, 3.1277, 3.1744, 3.1744,
         3.1744, 3.1744, 3.1744, 3.1744, 3.1744, 3.1744, 3.1744],
        [  -inf,   -inf, 1.9019, 2.5047, 2.8484, 3.0653, 3.1900, 3.2615, 3.2700,
         3.2700, 3.2700, 3.2700, 3.2700, 3.2700, 3.2700, 3.2700],
        [  -inf,   -inf, 1.9092, 2.5324, 2.8929, 3.1099, 3.2523, 3.3237, 3.3571,
         3.3571, 3.3571, 3.3571, 3.3571, 3.3571, 3.3571, 3.3571],
        [  -inf,   -inf, 1.9166, 2.5554, 2.9374, 3.1544, 3.2969, 3.3860, 3.4194,
         3.4255, 3.4255, 3.4255, 3.4255, 3.4255, 3.4255, 3.4255],
        [  -inf,   -inf, 1.9226, 2.5725, 2.9762, 3.1989, 3.3414, 3.4306, 3.4817,
         3.4878, 3.4878, 3.4878, 3.4878, 3.4878, 3.4878, 3.4878],
        [  -inf,   -inf, 1.9294, 2.5890, 3.0040, 3.2377, 3.3859, 3.4751, 3.5262,
         3.5500, 3.5500, 3.5500, 3.5500, 3.5500, 3.5500, 3.5500],
        [  -inf,   -inf, 1.9340, 2.6054, 3.0317, 3.2696, 3.4247, 3.5197, 3.5707,
         3.5946, 3.5989, 3.5989, 3.5989, 3.5989, 3.5989, 3.5989],
        [  -inf,   -inf, 1.9379, 2.6185, 3.0547, 3.3014, 3.4566, 3.5585, 3.6153,
         3.6391, 3.6435, 3.6435, 3.6435, 3.6435, 3.6435, 3.6435],
        [  -inf,   -inf, 1.9412, 2.6308, 3.0746, 3.3333, 3.4884, 3.5903, 3.6541,
         3.6837, 3.6880, 3.6880, 3.6880, 3.6880, 3.6880, 3.6880],
        [  -inf,   -inf, 1.9442, 2.6430, 3.0944, 3.3651, 3.5203, 3.6222, 3.6859,
         3.7225, 3.7326, 3.7326, 3.7326, 3.7326, 3.7326, 3.7326],
        [  -inf,   -inf, 1.9469, 2.6523, 3.1143, 3.3929, 3.5521, 3.6540, 3.7178,
         3.7543, 3.7714, 3.7714, 3.7714, 3.7714, 3.7714, 3.7714],
        [  -inf,   -inf, 1.9488, 2.6617, 3.1314, 3.4206, 3.5799, 3.6859, 3.7496,
         3.7862, 3.8032, 3.8063, 3.8063, 3.8063, 3.8063, 3.8063],
        [  -inf,   -inf, 1.9520, 2.6694, 3.1478, 3.4436, 3.6076, 3.7136, 3.7815,
         3.8180, 3.8351, 3.8382, 3.8382, 3.8382, 3.8382, 3.8382],
        [  -inf,   -inf, 1.9539, 2.6770, 3.1642, 3.4635, 3.6306, 3.7413, 3.8092,
         3.8499, 3.8669, 3.8700, 3.8700, 3.8700, 3.8700, 3.8700],
        [  -inf,   -inf, 1.9552, 2.6843, 3.1773, 3.4833, 3.6534, 3.7643, 3.8370,
         3.8776, 3.8988, 3.9019, 3.9019, 3.9019, 3.9019, 3.9019],
        [  -inf,   -inf, 1.9572, 2.6917, 3.1896, 3.5032, 3.6762, 3.7871, 3.8600,
         3.9054, 3.9265, 3.9337, 3.9337, 3.9337, 3.9337, 3.9337],
        [  -inf,   -inf, 1.9592, 2.6977, 3.2018, 3.5203, 3.6990, 3.8099, 3.8827,
         3.9284, 3.9543, 3.9615, 3.9615, 3.9615, 3.9615, 3.9615],
        [  -inf,   -inf, 1.9606, 2.7045, 3.2136, 3.5367, 3.7217, 3.8327, 3.9055,
         3.9511, 3.9773, 3.9892, 3.9892, 3.9892, 3.9892, 3.9892],
        [  -inf,   -inf, 1.9617, 2.7100, 3.2253, 3.5531, 3.7445, 3.8555, 3.9283,
         3.9739, 4.0000, 4.0122, 4.0142, 4.0142, 4.0142, 4.0142],
        [  -inf,   -inf, 1.9642, 2.7155, 3.2371, 3.5673, 3.7643, 3.8782, 3.9511,
         3.9967, 4.0228, 4.0350, 4.0372, 4.0372, 4.0372, 4.0372],
        [  -inf,   -inf, 1.9656, 2.7208, 3.2465, 3.5815, 3.7842, 3.8981, 3.9739,
         4.0195, 4.0456, 4.0578, 4.0600, 4.0600, 4.0600, 4.0600],
        [  -inf,   -inf, 1.9674, 2.7260, 3.2558, 3.5957, 3.8040, 3.9179, 3.9937,
         4.0422, 4.0684, 4.0805, 4.0828, 4.0828, 4.0828, 4.0828],
        [  -inf,   -inf, 1.9688, 2.7313, 3.2646, 3.6099, 3.8211, 3.9378, 4.0135,
         4.0621, 4.0911, 4.1033, 4.1056, 4.1056, 4.1056, 4.1056],
        [  -inf,   -inf, 1.9698, 2.7365, 3.2733, 3.6230, 3.8376, 3.9549, 4.0334,
         4.0819, 4.1110, 4.1261, 4.1283, 4.1283, 4.1283, 4.1283],
        [  -inf,   -inf, 1.9711, 2.7414, 3.2821, 3.6352, 3.8540, 3.9713, 4.0505,
         4.1018, 4.1308, 4.1459, 4.1511, 4.1511, 4.1511, 4.1511],
        [  -inf,   -inf, 1.9722, 2.7460, 3.2898, 3.6475, 3.8682, 3.9877, 4.0669,
         4.1189, 4.1507, 4.1658, 4.1709, 4.1709, 4.1709, 4.1709],
        [  -inf,   -inf, 1.9733, 2.7506, 3.2973, 3.6592, 3.8824, 4.0040, 4.0834,
         4.1353, 4.1678, 4.1856, 4.1908, 4.1908, 4.1908, 4.1908],
        [  -inf,   -inf,   -inf, 2.7552, 3.3046, 3.6710, 3.8966, 4.0203, 4.0997,
         4.1518, 4.1842, 4.2027, 4.2106, 4.2106, 4.2106, 4.2106],
        [  -inf,   -inf,   -inf, 2.7594, 3.3120, 3.6827, 3.9108, 4.0366, 4.1159,
         4.1680, 4.2007, 4.2192, 4.2277, 4.2285, 4.2285, 4.2285],
        [  -inf,   -inf,   -inf, 2.7633, 3.3187, 3.6921, 3.9239, 4.0529, 4.1322,
         4.1843, 4.2169, 4.2356, 4.2442, 4.2456, 4.2456, 4.2456],
        [  -inf,   -inf,   -inf, 2.7667, 3.3254, 3.7015, 3.9361, 4.0692, 4.1485,
         4.2006, 4.2332, 4.2519, 4.2606, 4.2621, 4.2621, 4.2621],
        [  -inf,   -inf,   -inf, 2.7701, 3.3321, 3.7102, 3.9483, 4.0855, 4.1648,
         4.2169, 4.2495, 4.2682, 4.2769, 4.2785, 4.2785, 4.2785],
        [  -inf,   -inf,   -inf, 2.7734, 3.3382, 3.7190, 3.9601, 4.0997, 4.1811,
         4.2332, 4.2658, 4.2845, 4.2932, 4.2948, 4.2948, 4.2948],
        [  -inf,   -inf,   -inf, 2.7767, 3.3449, 3.7277, 3.9719, 4.1138, 4.1953,
         4.2495, 4.2821, 4.3008, 4.3095, 4.3111, 4.3111, 4.3111],
        [  -inf,   -inf,   -inf, 2.7800, 3.3504, 3.7361, 3.9836, 4.1280, 4.2095,
         4.2637, 4.2984, 4.3171, 4.3258, 4.3274, 4.3274, 4.3274],
        [  -inf,   -inf,   -inf, 2.7830, 3.3560, 3.7445, 3.9938, 4.1422, 4.2237,
         4.2779, 4.3126, 4.3333, 4.3421, 4.3437, 4.3437, 4.3437],
        [  -inf,   -inf,   -inf, 2.7858, 3.3614, 3.7529, 4.0039, 4.1553, 4.2378,
         4.2920, 4.3268, 4.3475, 4.3583, 4.3599, 4.3599, 4.3599],
        [  -inf,   -inf,   -inf, 2.7886, 3.3668, 3.7614, 4.0141, 4.1676, 4.2509,
         4.3062, 4.3409, 4.3617, 4.3725, 4.3762, 4.3762, 4.3762],
        [  -inf,   -inf,   -inf, 2.7913, 3.3722, 3.7691, 4.0242, 4.1798, 4.2632,
         4.3193, 4.3551, 4.3759, 4.3867, 4.3904, 4.3904, 4.3904],
        [  -inf,   -inf,   -inf, 2.7936, 3.3775, 3.7766, 4.0344, 4.1915, 4.2754,
         4.3316, 4.3682, 4.3901, 4.4009, 4.4046, 4.4046, 4.4046],
        [  -inf,   -inf,   -inf, 2.7964, 3.3827, 3.7839, 4.0437, 4.2033, 4.2872,
         4.3438, 4.3805, 4.4032, 4.4151, 4.4188, 4.4188, 4.4188],
        [  -inf,   -inf,   -inf, 2.7987, 3.3880, 3.7913, 4.0531, 4.2151, 4.2989,
         4.3555, 4.3927, 4.4154, 4.4282, 4.4330, 4.4330, 4.4330],
        [  -inf,   -inf,   -inf, 2.8011, 3.3933, 3.7980, 4.0618, 4.2252, 4.3107,
         4.3673, 4.4044, 4.4277, 4.4404, 4.4461, 4.4461, 4.4461],
        [  -inf,   -inf,   -inf, 2.8034, 3.3981, 3.8047, 4.0706, 4.2354, 4.3223,
         4.3791, 4.4162, 4.4394, 4.4527, 4.4583, 4.4589, 4.4589],
        [  -inf,   -inf,   -inf, 2.8055, 3.4027, 3.8114, 4.0793, 4.2455, 4.3340,
         4.3907, 4.4280, 4.4512, 4.4644, 4.4705, 4.4711, 4.4711],
        [  -inf,   -inf,   -inf, 2.8077, 3.4073, 3.8177, 4.0877, 4.2557, 4.3456,
         4.4024, 4.4396, 4.4629, 4.4762, 4.4823, 4.4833, 4.4833],
        [  -inf,   -inf,   -inf, 2.8097, 3.4119, 3.8242, 4.0961, 4.2658, 4.3573,
         4.4140, 4.4513, 4.4746, 4.4879, 4.4941, 4.4951, 4.4951],
        [  -inf,   -inf,   -inf, 2.8117, 3.4162, 3.8305, 4.1046, 4.2752, 4.3689,
         4.4257, 4.4629, 4.4862, 4.4996, 4.5058, 4.5069, 4.5069],
        [  -inf,   -inf,   -inf, 2.8136, 3.4201, 3.8367, 4.1130, 4.2845, 4.3806,
         4.4373, 4.4746, 4.4979, 4.5112, 4.5175, 4.5186, 4.5186],
        [  -inf,   -inf,   -inf, 2.8155, 3.4240, 3.8430, 4.1207, 4.2933, 4.3922,
         4.4490, 4.4862, 4.5095, 4.5229, 4.5291, 4.5303, 4.5303],
        [  -inf,   -inf,   -inf, 2.8174, 3.4280, 3.8492, 4.1282, 4.3020, 4.4024,
         4.4606, 4.4979, 4.5212, 4.5345, 4.5408, 4.5419, 4.5419],
        [  -inf,   -inf,   -inf, 2.8192, 3.4319, 3.8548, 4.1355, 4.3108, 4.4125,
         4.4707, 4.5095, 4.5328, 4.5462, 4.5524, 4.5536, 4.5536],
        [  -inf,   -inf,   -inf, 2.8211, 3.4357, 3.8603, 4.1429, 4.3192, 4.4227,
         4.4809, 4.5196, 4.5445, 4.5578, 4.5641, 4.5652, 4.5652],
        [  -inf,   -inf,   -inf, 2.8227, 3.4394, 3.8657, 4.1496, 4.3276, 4.4328,
         4.4910, 4.5298, 4.5546, 4.5695, 4.5757, 4.5768, 4.5768],
        [  -inf,   -inf,   -inf, 2.8244, 3.4432, 3.8711, 4.1563, 4.3360, 4.4430,
         4.5012, 4.5399, 4.5648, 4.5796, 4.5874, 4.5885, 4.5885],
        [  -inf,   -inf,   -inf, 2.8264, 3.4470, 3.8765, 4.1630, 4.3444, 4.4523,
         4.5113, 4.5501, 4.5749, 4.5898, 4.5975, 4.6001, 4.6001],
        [  -inf,   -inf,   -inf, 2.8279, 3.4507, 3.8818, 4.1693, 4.3521, 4.4617,
         4.5207, 4.5602, 4.5851, 4.5999, 4.6076, 4.6103, 4.6103],
        [  -inf,   -inf,   -inf, 2.8295, 3.4544, 3.8870, 4.1758, 4.3597, 4.4704,
         4.5301, 4.5696, 4.5952, 4.6101, 4.6178, 4.6204, 4.6204],
        [  -inf,   -inf,   -inf, 2.8314, 3.4579, 3.8923, 4.1821, 4.3670, 4.4792,
         4.5388, 4.5790, 4.6046, 4.6202, 4.6279, 4.6306, 4.6306],
        [  -inf,   -inf,   -inf, 2.8332, 3.4614, 3.8976, 4.1884, 4.3744, 4.4879,
         4.5476, 4.5877, 4.6139, 4.6296, 4.6381, 4.6407, 4.6407],
        [  -inf,   -inf,   -inf, 2.8347, 3.4648, 3.9024, 4.1946, 4.3816, 4.4963,
         4.5563, 4.5965, 4.6227, 4.6389, 4.6475, 4.6509, 4.6509],
        [  -inf,   -inf,   -inf, 2.8364, 3.4681, 3.9072, 4.2009, 4.3889, 4.5047,
         4.5647, 4.6052, 4.6314, 4.6477, 4.6568, 4.6602, 4.6602],
        [  -inf,   -inf,   -inf, 2.8379, 3.4714, 3.9120, 4.2069, 4.3962, 4.5132,
         4.5731, 4.6136, 4.6402, 4.6564, 4.6656, 4.6696, 4.6696],
        [  -inf,   -inf,   -inf, 2.8394, 3.4747, 3.9168, 4.2129, 4.4034, 4.5216,
         4.5815, 4.6220, 4.6486, 4.6652, 4.6743, 4.6784, 4.6788],
        [  -inf,   -inf,   -inf, 2.8408, 3.4780, 3.9216, 4.2189, 4.4107, 4.5293,
         4.5899, 4.6304, 4.6570, 4.6736, 4.6831, 4.6871, 4.6875],
        [  -inf,   -inf,   -inf, 2.8423, 3.4813, 3.9262, 4.2249, 4.4179, 4.5368,
         4.5983, 4.6388, 4.6654, 4.6820, 4.6915, 4.6958, 4.6962],
        [  -inf,   -inf,   -inf, 2.8437, 3.4846, 3.9307, 4.2309, 4.4246, 4.5441,
         4.6066, 4.6472, 4.6738, 4.6904, 4.6999, 4.7043, 4.7050],
        [  -inf,   -inf,   -inf, 2.8451, 3.4876, 3.9353, 4.2364, 4.4313, 4.5515,
         4.6149, 4.6555, 4.6821, 4.6988, 4.7083, 4.7127, 4.7134],
        [  -inf,   -inf,   -inf, 2.8465, 3.4907, 3.9396, 4.2419, 4.4380, 4.5588,
         4.6233, 4.6638, 4.6905, 4.7071, 4.7167, 4.7211, 4.7218],
        [  -inf,   -inf,   -inf, 2.8478, 3.4937, 3.9436, 4.2474, 4.4443, 4.5661,
         4.6316, 4.6722, 4.6988, 4.7155, 4.7250, 4.7295, 4.7302],
        [  -inf,   -inf,   -inf, 2.8492, 3.4965, 3.9475, 4.2528, 4.4508, 4.5733,
         4.6399, 4.6805, 4.7071, 4.7238, 4.7334, 4.7378, 4.7386],
        [  -inf,   -inf,   -inf, 2.8505, 3.4993, 3.9514, 4.2582, 4.4571, 4.5806,
         4.6482, 4.6888, 4.7155, 4.7321, 4.7417, 4.7461, 4.7470],
        [  -inf,   -inf,   -inf, 2.8516, 3.5020, 3.9553, 4.2635, 4.4633, 4.5878,
         4.6566, 4.6971, 4.7238, 4.7405, 4.7500, 4.7545, 4.7553],
        [  -inf,   -inf,   -inf, 2.8530, 3.5044, 3.9592, 4.2687, 4.4696, 4.5951,
         4.6643, 4.7055, 4.7321, 4.7488, 4.7583, 4.7628, 4.7636],
        [  -inf,   -inf,   -inf, 2.8543, 3.5071, 3.9631, 4.2740, 4.4758, 4.6018,
         4.6719, 4.7132, 4.7404, 4.7571, 4.7667, 4.7711, 4.7719],
        [  -inf,   -inf,   -inf, 2.8554, 3.5095, 3.9670, 4.2792, 4.4819, 4.6085,
         4.6792, 4.7208, 4.7481, 4.7654, 4.7750, 4.7795, 4.7803],
        [  -inf,   -inf,   -inf, 2.8566, 3.5119, 3.9709, 4.2841, 4.4879, 4.6152,
         4.6866, 4.7281, 4.7557, 4.7731, 4.7833, 4.7878, 4.7886],
        [  -inf,   -inf,   -inf, 2.8578, 3.5143, 3.9747, 4.2889, 4.4939, 4.6214,
         4.6938, 4.7355, 4.7630, 4.7807, 4.7910, 4.7961, 4.7969],
        [  -inf,   -inf,   -inf, 2.8590, 3.5167, 3.9786, 4.2937, 4.4999, 4.6280,
         4.7011, 4.7427, 4.7704, 4.7880, 4.7986, 4.8038, 4.8053],
        [  -inf,   -inf,   -inf, 2.8601, 3.5192, 3.9824, 4.2985, 4.5059, 4.6342,
         4.7083, 4.7500, 4.7777, 4.7954, 4.8059, 4.8114, 4.8130],
        [  -inf,   -inf,   -inf, 2.8613, 3.5216, 3.9862, 4.3033, 4.5114, 4.6405,
         4.7156, 4.7572, 4.7849, 4.8027, 4.8133, 4.8187, 4.8205],
        [  -inf,   -inf,   -inf, 2.8624, 3.5239, 3.9899, 4.3079, 4.5169, 4.6467,
         4.7228, 4.7645, 4.7922, 4.8099, 4.8206, 4.8261, 4.8278],
        [  -inf,   -inf,   -inf, 2.8636, 3.5263, 3.9937, 4.3124, 4.5223, 4.6530,
         4.7301, 4.7717, 4.7994, 4.8172, 4.8278, 4.8334, 4.8352],
        [  -inf,   -inf,   -inf, 2.8647, 3.5286, 3.9974, 4.3170, 4.5278, 4.6590,
         4.7368, 4.7790, 4.8067, 4.8245, 4.8351, 4.8406, 4.8425],
        [  -inf,   -inf,   -inf, 2.8658, 3.5310, 4.0012, 4.3215, 4.5332, 4.6650,
         4.7435, 4.7857, 4.8140, 4.8317, 4.8423, 4.8479, 4.8498],
        [  -inf,   -inf,   -inf, 2.8669, 3.5334, 4.0046, 4.3260, 4.5385, 4.6710,
         4.7502, 4.7924, 4.8207, 4.8390, 4.8496, 4.8551, 4.8570],
        [  -inf,   -inf,   -inf, 2.8679, 3.5356, 4.0081, 4.3304, 4.5437, 4.6770,
         4.7564, 4.7991, 4.8274, 4.8457, 4.8568, 4.8624, 4.8643],
        [  -inf,   -inf,   -inf, 2.8689, 3.5378, 4.0115, 4.3349, 4.5490, 4.6831,
         4.7630, 4.8053, 4.8341, 4.8524, 4.8635, 4.8696, 4.8715],
        [  -inf,   -inf,   -inf, 2.8699, 3.5399, 4.0149, 4.3394, 4.5542, 4.6886,
         4.7692, 4.8119, 4.8403, 4.8591, 4.8702, 4.8763, 4.8788],
        [  -inf,   -inf,   -inf, 2.8709, 3.5419, 4.0182, 4.3437, 4.5591, 4.6941,
         4.7755, 4.8181, 4.8469, 4.8653, 4.8769, 4.8830, 4.8855],
        [  -inf,   -inf,   -inf, 2.8718, 3.5439, 4.0215, 4.3476, 4.5639, 4.6995,
         4.7817, 4.8244, 4.8531, 4.8719, 4.8832, 4.8897, 4.8922],
        [  -inf,   -inf,   -inf, 2.8728, 3.5459, 4.0248, 4.3515, 4.5687, 4.7049,
         4.7880, 4.8306, 4.8594, 4.8781, 4.8897, 4.8960, 4.8989],
        [  -inf,   -inf,   -inf, 2.8737, 3.5479, 4.0280, 4.3555, 4.5735, 4.7104,
         4.7940, 4.8369, 4.8656, 4.8844, 4.8960, 4.9025, 4.9051],
        [  -inf,   -inf,   -inf, 2.8746, 3.5499, 4.0313, 4.3594, 4.5782, 4.7156,
         4.8000, 4.8429, 4.8719, 4.8906, 4.9022, 4.9088, 4.9117],
        [  -inf,   -inf,   -inf, 2.8753, 3.5519, 4.0344, 4.3633, 4.5828, 4.7209,
         4.8060, 4.8489, 4.8779, 4.8969, 4.9085, 4.9150, 4.9179],
        [  -inf,   -inf,   -inf, 2.8762, 3.5538, 4.0374, 4.3671, 4.5874, 4.7262,
         4.8121, 4.8549, 4.8839, 4.9029, 4.9148, 4.9213, 4.9242],
        [  -inf,   -inf,   -inf, 2.8770, 3.5557, 4.0404, 4.3710, 4.5920, 4.7314,
         4.8181, 4.8610, 4.8899, 4.9089, 4.9208, 4.9275, 4.9304],
        [  -inf,   -inf,   -inf, 2.8778, 3.5574, 4.0433, 4.3749, 4.5965, 4.7366,
         4.8236, 4.8670, 4.8959, 4.9149, 4.9268, 4.9336, 4.9367],
        [  -inf,   -inf,   -inf, 2.8786, 3.5593, 4.0461, 4.3788, 4.6009, 4.7418,
         4.8291, 4.8729, 4.9019, 4.9209, 4.9328, 4.9396, 4.9427],
        [  -inf,   -inf,   -inf, 2.8793, 3.5610, 4.0489, 4.3827, 4.6054, 4.7469,
         4.8345, 4.8789, 4.9079, 4.9269, 4.9388, 4.9456, 4.9487],
        [  -inf,   -inf,   -inf, 2.8801, 3.5627, 4.0517, 4.3864, 4.6099, 4.7521,
         4.8399, 4.8848, 4.9139, 4.9329, 4.9448, 4.9516, 4.9547],
        [  -inf,   -inf,   -inf, 2.8808, 3.5646, 4.0545, 4.3902, 4.6144, 4.7573,
         4.8454, 4.8908, 4.9198, 4.9389, 4.9508, 4.9576, 4.9607],
        [  -inf,   -inf,   -inf, 2.8815, 3.5663, 4.0573, 4.3940, 4.6187, 4.7625,
         4.8507, 4.8968, 4.9258, 4.9448, 4.9567, 4.9636, 4.9668],
        [  -inf,   -inf,   -inf, 2.8822, 3.5680, 4.0600, 4.3977, 4.6230, 4.7677,
         4.8559, 4.9027, 4.9317, 4.9508, 4.9627, 4.9695, 4.9727],
        [  -inf,   -inf,   -inf, 2.8829, 3.5697, 4.0627, 4.4015, 4.6273, 4.7726,
         4.8612, 4.9087, 4.9377, 4.9567, 4.9687, 4.9755, 4.9787],
        [  -inf,   -inf,   -inf, 2.8835, 3.5714, 4.0654, 4.4052, 4.6316, 4.7773,
         4.8664, 4.9146, 4.9436, 4.9627, 4.9746, 4.9814, 4.9846],
        [  -inf,   -inf,   -inf, 2.8842, 3.5731, 4.0681, 4.4087, 4.6359, 4.7821,
         4.8716, 4.9206, 4.9496, 4.9686, 4.9806, 4.9874, 4.9906],
        [  -inf,   -inf,   -inf, 2.8848, 3.5748, 4.0708, 4.4122, 4.6402, 4.7869,
         4.8768, 4.9261, 4.9555, 4.9746, 4.9865, 4.9934, 4.9965],
        [  -inf,   -inf,   -inf, 2.8854, 3.5765, 4.0735, 4.4156, 4.6445, 4.7917,
         4.8820, 4.9316, 4.9611, 4.9806, 4.9925, 4.9993, 5.0025],
        [  -inf,   -inf,   -inf, 2.8861, 3.5781, 4.0761, 4.4190, 4.6484, 4.7963,
         4.8871, 4.9370, 4.9666, 4.9861, 4.9984, 5.0053, 5.0085],
        [  -inf,   -inf,   -inf, 2.8867, 3.5798, 4.0788, 4.4224, 4.6523, 4.8009,
         4.8923, 4.9424, 4.9720, 4.9916, 5.0039, 5.0112, 5.0144],
        [  -inf,   -inf,   -inf, 2.8872, 3.5813, 4.0815, 4.4259, 4.6563, 4.8055,
         4.8975, 4.9479, 4.9774, 4.9970, 5.0094, 5.0167, 5.0204],
        [  -inf,   -inf,   -inf, 2.8878, 3.5830, 4.0840, 4.4293, 4.6602, 4.8099,
         4.9027, 4.9532, 4.9828, 5.0024, 5.0149, 5.0222, 5.0259],
        [  -inf,   -inf,   -inf, 2.8883, 3.5845, 4.0866, 4.4327, 4.6640, 4.8144,
         4.9076, 4.9584, 4.9881, 5.0078, 5.0203, 5.0277, 5.0314],
        [  -inf,   -inf,   -inf, 2.8888, 3.5860, 4.0891, 4.4360, 4.6679, 4.8189,
         4.9124, 4.9637, 4.9933, 5.0131, 5.0257, 5.0331, 5.0368],
        [  -inf,   -inf,   -inf, 2.8893, 3.5876, 4.0916, 4.4394, 4.6718, 4.8234,
         4.9171, 4.9689, 4.9986, 5.0184, 5.0310, 5.0385, 5.0422],
        [  -inf,   -inf,   -inf, 2.8899, 3.5891, 4.0940, 4.4426, 4.6757, 4.8278,
         4.9219, 4.9741, 5.0039, 5.0236, 5.0362, 5.0438, 5.0477],
        [  -inf,   -inf,   -inf, 2.8903, 3.5905, 4.0965, 4.4459, 4.6796, 4.8321,
         4.9267, 4.9793, 5.0090, 5.0289, 5.0415, 5.0490, 5.0529],
        [  -inf,   -inf,   -inf, 2.8907, 3.5920, 4.0989, 4.4492, 4.6834, 4.8364,
         4.9313, 4.9845, 5.0142, 5.0341, 5.0467, 5.0543, 5.0582],
        [  -inf,   -inf,   -inf, 2.8910, 3.5935, 4.1013, 4.4525, 4.6872, 4.8407,
         4.9359, 4.9896, 5.0194, 5.0392, 5.0519, 5.0595, 5.0635],
        [  -inf,   -inf,   -inf, 2.8914, 3.5949, 4.1037, 4.4555, 4.6910, 4.8450,
         4.9405, 4.9948, 5.0246, 5.0444, 5.0571, 5.0647, 5.0687],
        [  -inf,   -inf,   -inf, 2.8918, 3.5963, 4.1061, 4.4586, 4.6947, 4.8493,
         4.9450, 5.0000, 5.0298, 5.0496, 5.0623, 5.0699, 5.0739]])
tensor(0.0064) tensor(3.9438) (128, 10)
