tensor([[  -inf,   -inf,   -inf,   -inf,   -inf,   -inf,   -inf,   -inf,   -inf,
           -inf,   -inf,   -inf,   -inf,   -inf,   -inf,   -inf],
        [  -inf, 1.0000, 1.0000, 1.0000, 1.0000, 1.0000, 1.0000, 1.0000, 1.0000,
         1.0000, 1.0000, 1.0000, 1.0000, 1.0000, 1.0000, 1.0000],
        [  -inf,   -inf, 1.7325, 1.7325, 1.7325, 1.7325, 1.7325, 1.7325, 1.7325,
         1.7325, 1.7325, 1.7325, 1.7325, 1.7325, 1.7325, 1.7325],
        [  -inf,   -inf, 1.8183, 2.2690, 2.2690, 2.2690, 2.2690, 2.2690, 2.2690,
         2.2690, 2.2690, 2.2690, 2.2690, 2.2690, 2.2690, 2.2690],
        [  -inf,   -inf, 1.8563, 2.3548, 2.6619, 2.6619, 2.6619, 2.6619, 2.6619,
         2.6619, 2.6619, 2.6619, 2.6619, 2.6619, 2.6619, 2.6619],
        [  -inf,   -inf, 1.8774, 2.4177, 2.7478, 2.9498, 2.9498, 2.9498, 2.9498,
         2.9498, 2.9498, 2.9498, 2.9498, 2.9498, 2.9498, 2.9498],
        [  -inf,   -inf, 1.8902, 2.4806, 2.8107, 3.0356, 3.1606, 3.1606, 3.1606,
         3.1606, 3.1606, 3.1606, 3.1606, 3.1606, 3.1606, 3.1606],
        [  -inf,   -inf, 1.9005, 2.5186, 2.8736, 3.0985, 3.2464, 3.3150, 3.3150,
         3.3150, 3.3150, 3.3150, 3.3150, 3.3150, 3.3150, 3.3150],
        [  -inf,   -inf, 1.9094, 2.5464, 2.9197, 3.1614, 3.3093, 3.4009, 3.4281,
         3.4281, 3.4281, 3.4281, 3.4281, 3.4281, 3.4281, 3.4281],
        [  -inf,   -inf, 1.9161, 2.5742, 2.9657, 3.2075, 3.3722, 3.4638, 3.5140,
         3.5140, 3.5140, 3.5140, 3.5140, 3.5140, 3.5140, 3.5140],
        [  -inf,   -inf, 1.9203, 2.5953, 3.0118, 3.2536, 3.4183, 3.5267, 3.5769,
         3.5968, 3.5968, 3.5968, 3.5968, 3.5968, 3.5968, 3.5968],
        [  -inf,   -inf, 1.9251, 2.6108, 3.0498, 3.2996, 3.4644, 3.5727, 3.6398,
         3.6597, 3.6597, 3.6597, 3.6597, 3.6597, 3.6597, 3.6597],
        [  -inf,   -inf, 1.9291, 2.6263, 3.0776, 3.3376, 3.5105, 3.6188, 3.6858,
         3.7226, 3.7226, 3.7226, 3.7226, 3.7226, 3.7226, 3.7226],
        [  -inf,   -inf, 1.9315, 2.6391, 3.1054, 3.3714, 3.5484, 3.6649, 3.7319,
         3.7687, 3.7833, 3.7833, 3.7833, 3.7833, 3.7833, 3.7833],
        [  -inf,   -inf, 1.9349, 2.6494, 3.1265, 3.4051, 3.5822, 3.7029, 3.7780,
         3.8148, 3.8294, 3.8294, 3.8294, 3.8294, 3.8294, 3.8294],
        [  -inf,   -inf, 1.9379, 2.6587, 3.1469, 3.4388, 3.6159, 3.7366, 3.8160,
         3.8608, 3.8754, 3.8754, 3.8754, 3.8754, 3.8754, 3.8754],
        [  -inf,   -inf, 1.9398, 2.6681, 3.1673, 3.4726, 3.6497, 3.7703, 3.8497,
         3.8988, 3.9215, 3.9215, 3.9215, 3.9215, 3.9215, 3.9215],
        [  -inf,   -inf, 1.9425, 2.6770, 3.1876, 3.5004, 3.6834, 3.8041, 3.8835,
         3.9326, 3.9595, 3.9660, 3.9660, 3.9660, 3.9660, 3.9660],
        [  -inf,   -inf, 1.9444, 2.6845, 3.2031, 3.5282, 3.7112, 3.8378, 3.9172,
         3.9663, 3.9932, 4.0039, 4.0039, 4.0039, 4.0039, 4.0039],
        [  -inf,   -inf, 1.9454, 2.6920, 3.2186, 3.5493, 3.7390, 3.8657, 3.9509,
         4.0000, 4.0270, 4.0377, 4.0377, 4.0377, 4.0377, 4.0377],
        [  -inf,   -inf, 1.9471, 2.6994, 3.2314, 3.5697, 3.7638, 3.8935, 3.9788,
         4.0338, 4.0607, 4.0714, 4.0714, 4.0714, 4.0714, 4.0714],
        [  -inf,   -inf, 1.9477, 2.7062, 3.2427, 3.5901, 3.7885, 3.9182, 4.0066,
         4.0616, 4.0945, 4.1052, 4.1052, 4.1052, 4.1052, 4.1052],
        [  -inf,   -inf, 1.9500, 2.7126, 3.2540, 3.6105, 3.8132, 3.9429, 4.0313,
         4.0894, 4.1223, 4.1389, 4.1389, 4.1389, 4.1389, 4.1389],
        [  -inf,   -inf, 1.9510, 2.7191, 3.2653, 3.6259, 3.8379, 3.9676, 4.0560,
         4.1141, 4.1501, 4.1667, 4.1715, 4.1715, 4.1715, 4.1715],
        [  -inf,   -inf, 1.9523, 2.7241, 3.2756, 3.6414, 3.8626, 3.9923, 4.0807,
         4.1389, 4.1748, 4.1946, 4.1993, 4.1993, 4.1993, 4.1993],
        [  -inf,   -inf, 1.9538, 2.7290, 3.2850, 3.6563, 3.8837, 4.0171, 4.1054,
         4.1636, 4.1995, 4.2193, 4.2271, 4.2271, 4.2271, 4.2271],
        [  -inf,   -inf, 1.9553, 2.7332, 3.2944, 3.6712, 3.9041, 4.0382, 4.1302,
         4.1883, 4.2243, 4.2440, 4.2518, 4.2518, 4.2518, 4.2518],
        [  -inf,   -inf, 1.9564, 2.7380, 3.3032, 3.6861, 3.9245, 4.0585, 4.1513,
         4.2130, 4.2490, 4.2687, 4.2765, 4.2765, 4.2765, 4.2765],
        [  -inf,   -inf, 1.9571, 2.7420, 3.3108, 3.7011, 3.9449, 4.0789, 4.1716,
         4.2341, 4.2737, 4.2934, 4.3013, 4.3013, 4.3013, 4.3013],
        [  -inf,   -inf, 1.9582, 2.7456, 3.3183, 3.7139, 3.9603, 4.0993, 4.1920,
         4.2545, 4.2948, 4.3181, 4.3260, 4.3260, 4.3260, 4.3260],
        [  -inf,   -inf, 1.9591, 2.7488, 3.3257, 3.7252, 3.9758, 4.1174, 4.2124,
         4.2749, 4.3152, 4.3392, 4.3507, 4.3507, 4.3507, 4.3507],
        [  -inf,   -inf, 1.9600, 2.7522, 3.3325, 3.7365, 3.9907, 4.1355, 4.2305,
         4.2952, 4.3355, 4.3596, 4.3718, 4.3745, 4.3745, 4.3745],
        [  -inf,   -inf, 1.9604, 2.7555, 3.3394, 3.7479, 4.0056, 4.1536, 4.2486,
         4.3133, 4.3559, 4.3800, 4.3922, 4.3956, 4.3956, 4.3956],
        [  -inf,   -inf, 1.9616, 2.7587, 3.3463, 3.7581, 4.0206, 4.1717, 4.2667,
         4.3314, 4.3740, 4.4004, 4.4125, 4.4160, 4.4160, 4.4160],
        [  -inf,   -inf, 2.0000, 2.7618, 3.3531, 3.7675, 4.0355, 4.1898, 4.2848,
         4.3496, 4.3921, 4.4185, 4.4329, 4.4364, 4.4364, 4.4364],
        [  -inf,   -inf,   -inf, 2.7647, 3.3595, 3.7769, 4.0483, 4.2079, 4.3029,
         4.3677, 4.4102, 4.4366, 4.4510, 4.4568, 4.4568, 4.4568],
        [  -inf,   -inf,   -inf, 2.7676, 3.3660, 3.7857, 4.0596, 4.2234, 4.3210,
         4.3858, 4.4283, 4.4547, 4.4691, 4.4749, 4.4749, 4.4749],
        [  -inf,   -inf,   -inf, 2.7705, 3.3715, 3.7940, 4.0709, 4.2388, 4.3365,
         4.4039, 4.4464, 4.4728, 4.4872, 4.4930, 4.4930, 4.4930],
        [  -inf,   -inf,   -inf, 2.7734, 3.3770, 3.8023, 4.0823, 4.2538, 4.3519,
         4.4193, 4.4645, 4.4909, 4.5053, 4.5111, 4.5111, 4.5111],
        [  -inf,   -inf,   -inf, 2.7763, 3.3826, 3.8106, 4.0932, 4.2687, 4.3669,
         4.4348, 4.4800, 4.5090, 4.5234, 4.5292, 4.5292, 4.5292],
        [  -inf,   -inf,   -inf, 2.7788, 3.3880, 3.8189, 4.1041, 4.2836, 4.3818,
         4.4497, 4.4955, 4.5245, 4.5415, 4.5473, 4.5473, 4.5473],
        [  -inf,   -inf,   -inf, 2.7810, 3.3934, 3.8264, 4.1151, 4.2985, 4.3967,
         4.4646, 4.5104, 4.5399, 4.5570, 4.5654, 4.5654, 4.5654],
        [  -inf,   -inf,   -inf, 2.7835, 3.3988, 3.8340, 4.1260, 4.3113, 4.4116,
         4.4796, 4.5253, 4.5548, 4.5725, 4.5809, 4.5829, 4.5829],
        [  -inf,   -inf,   -inf, 2.7864, 3.4037, 3.8414, 4.1369, 4.3227, 4.4249,
         4.4945, 4.5402, 4.5698, 4.5874, 4.5963, 4.5983, 4.5983],
        [  -inf,   -inf,   -inf, 2.7958, 3.4087, 3.8482, 4.1472, 4.3340, 4.4382,
         4.5077, 4.5552, 4.5847, 4.6023, 4.6112, 4.6138, 4.6138],
        [  -inf,   -inf,   -inf, 2.8033, 3.4134, 3.8551, 4.1566, 4.3453, 4.4514,
         4.5210, 4.5684, 4.5996, 4.6172, 4.6262, 4.6287, 4.6287],
        [  -inf,   -inf,   -inf, 2.8108, 3.4182, 3.8620, 4.1660, 4.3562, 4.4647,
         4.5343, 4.5817, 4.6129, 4.6322, 4.6411, 4.6436, 4.6436],
        [  -inf,   -inf,   -inf, 2.8182, 3.4229, 3.8687, 4.1748, 4.3672, 4.4779,
         4.5475, 4.5949, 4.6261, 4.6454, 4.6560, 4.6585, 4.6585],
        [  -inf,   -inf,   -inf, 2.8247, 3.4272, 3.8752, 4.1831, 4.3781, 4.4912,
         4.5608, 4.6082, 4.6394, 4.6587, 4.6693, 4.6735, 4.6735],
        [  -inf,   -inf,   -inf, 2.8312, 3.4319, 3.8817, 4.1914, 4.3890, 4.5045,
         4.5740, 4.6215, 4.6526, 4.6719, 4.6825, 4.6867, 4.6867],
        [  -inf,   -inf,   -inf, 2.8361, 3.4359, 3.8872, 4.1997, 4.4000, 4.5173,
         4.5873, 4.6347, 4.6659, 4.6852, 4.6958, 4.7000, 4.7000],
        [  -inf,   -inf,   -inf, 2.8411, 3.4395, 3.8927, 4.2080, 4.4102, 4.5286,
         4.6001, 4.6480, 4.6792, 4.6985, 4.7090, 4.7133, 4.7133],
        [  -inf,   -inf,   -inf, 2.8446, 3.4431, 3.8982, 4.2155, 4.4196, 4.5399,
         4.6114, 4.6608, 4.6924, 4.7117, 4.7223, 4.7265, 4.7265],
        [  -inf,   -inf,   -inf, 2.8479, 3.4468, 3.9036, 4.2230, 4.4290, 4.5512,
         4.6228, 4.6721, 4.7052, 4.7250, 4.7356, 4.7398, 4.7398],
        [  -inf,   -inf,   -inf, 2.8512, 3.4503, 3.9090, 4.2304, 4.4378, 4.5622,
         4.6341, 4.6834, 4.7166, 4.7378, 4.7488, 4.7530, 4.7530],
        [  -inf,   -inf,   -inf, 2.8545, 3.4536, 3.9144, 4.2373, 4.4461, 4.5731,
         4.6450, 4.6948, 4.7279, 4.7491, 4.7616, 4.7663, 4.7663],
        [  -inf,   -inf,   -inf, 2.8578, 3.4570, 3.9195, 4.2442, 4.4544, 4.5840,
         4.6559, 4.7057, 4.7392, 4.7604, 4.7730, 4.7791, 4.7791],
        [  -inf,   -inf,   -inf, 2.8611, 3.4602, 3.9245, 4.2510, 4.4627, 4.5950,
         4.6669, 4.7166, 4.7501, 4.7718, 4.7843, 4.7904, 4.7919],
        [  -inf,   -inf,   -inf, 2.8641, 3.4651, 3.9295, 4.2578, 4.4710, 4.6059,
         4.6778, 4.7276, 4.7611, 4.7827, 4.7956, 4.8018, 4.8032],
        [  -inf,   -inf,   -inf, 2.8670, 3.4720, 3.9346, 4.2643, 4.4790, 4.6162,
         4.6887, 4.7385, 4.7720, 4.7936, 4.8065, 4.8131, 4.8145],
        [  -inf,   -inf,   -inf, 2.8699, 3.4788, 3.9395, 4.2707, 4.4870, 4.6256,
         4.6990, 4.7494, 4.7829, 4.8046, 4.8175, 4.8240, 4.8259],
        [  -inf,   -inf,   -inf, 2.8724, 3.4857, 3.9445, 4.2768, 4.4950, 4.6349,
         4.7087, 4.7597, 4.7939, 4.8155, 4.8284, 4.8349, 4.8368],
        [  -inf,   -inf,   -inf, 2.8745, 3.4922, 3.9492, 4.2829, 4.5031, 4.6438,
         4.7184, 4.7694, 4.8041, 4.8264, 4.8393, 4.8459, 4.8477],
        [  -inf,   -inf,   -inf, 2.8766, 3.4987, 3.9540, 4.2890, 4.5111, 4.6521,
         4.7282, 4.7791, 4.8139, 4.8367, 4.8503, 4.8568, 4.8587],
        [  -inf,   -inf,   -inf, 2.8788, 3.5042, 3.9587, 4.2951, 4.5191, 4.6604,
         4.7379, 4.7888, 4.8236, 4.8464, 4.8605, 4.8677, 4.8696],
        [  -inf,   -inf,   -inf, 2.8809, 3.5097, 3.9630, 4.3011, 4.5266, 4.6687,
         4.7476, 4.7986, 4.8333, 4.8561, 4.8703, 4.8780, 4.8805],
        [  -inf,   -inf,   -inf, 2.8829, 3.5152, 3.9677, 4.3066, 4.5341, 4.6770,
         4.7573, 4.8083, 4.8430, 4.8658, 4.8800, 4.8877, 4.8908],
        [  -inf,   -inf,   -inf, 2.8847, 3.5206, 3.9718, 4.3122, 4.5415, 4.6850,
         4.7670, 4.8180, 4.8527, 4.8756, 4.8897, 4.8974, 4.9005],
        [  -inf,   -inf,   -inf, 2.8866, 3.5260, 3.9758, 4.3177, 4.5484, 4.6930,
         4.7767, 4.8277, 4.8624, 4.8853, 4.8994, 4.9072, 4.9102],
        [  -inf,   -inf,   -inf, 2.8883, 3.5314, 3.9799, 4.3231, 4.5552, 4.7010,
         4.7861, 4.8374, 4.8721, 4.8950, 4.9091, 4.9169, 4.9199],
        [  -inf,   -inf,   -inf, 2.8901, 3.5364, 3.9839, 4.3285, 4.5621, 4.7090,
         4.7955, 4.8468, 4.8819, 4.9047, 4.9188, 4.9266, 4.9297],
        [  -inf,   -inf,   -inf, 2.8918, 3.5413, 3.9885, 4.3339, 4.5689, 4.7170,
         4.8043, 4.8562, 4.8912, 4.9144, 4.9285, 4.9363, 4.9394],
        [  -inf,   -inf,   -inf, 2.8935, 3.5461, 3.9959, 4.3389, 4.5754, 4.7250,
         4.8126, 4.8650, 4.9006, 4.9238, 4.9383, 4.9460, 4.9491],
        [  -inf,   -inf,   -inf, 2.8950, 3.5508, 4.0027, 4.3439, 4.5818, 4.7325,
         4.8209, 4.8733, 4.9095, 4.9332, 4.9476, 4.9557, 4.9588],
        [  -inf,   -inf,   -inf, 2.8964, 3.5556, 4.0096, 4.3490, 4.5879, 4.7401,
         4.8292, 4.8816, 4.9177, 4.9420, 4.9570, 4.9651, 4.9685],
        [  -inf,   -inf,   -inf, 2.8978, 3.5592, 4.0165, 4.3540, 4.5940, 4.7474,
         4.8375, 4.8899, 4.9260, 4.9503, 4.9659, 4.9745, 4.9779],
        [  -inf,   -inf,   -inf, 2.9025, 3.5628, 4.0230, 4.3590, 4.6001, 4.7543,
         4.8455, 4.8982, 4.9343, 4.9586, 4.9742, 4.9833, 4.9873],
        [  -inf,   -inf,   -inf, 2.9061, 3.5664, 4.0294, 4.3639, 4.6061, 4.7612,
         4.8535, 4.9062, 4.9426, 4.9669, 4.9824, 4.9916, 4.9961],
        [  -inf,   -inf,   -inf, 2.9094, 3.5700, 4.0350, 4.3687, 4.6122, 4.7680,
         4.8615, 4.9142, 4.9506, 4.9752, 4.9907, 4.9999, 5.0044],
        [  -inf,   -inf,   -inf, 2.9126, 3.5733, 4.0405, 4.3734, 4.6177, 4.7748,
         4.8695, 4.9222, 4.9586, 4.9832, 4.9990, 5.0082, 5.0127],
        [  -inf,   -inf,   -inf, 2.9159, 3.5766, 4.0460, 4.3782, 4.6232, 4.7813,
         4.8775, 4.9302, 4.9667, 4.9912, 5.0070, 5.0165, 5.0210],
        [  -inf,   -inf,   -inf, 2.9189, 3.5799, 4.0514, 4.3824, 4.6288, 4.7878,
         4.8855, 4.9382, 4.9747, 4.9992, 5.0150, 5.0245, 5.0293],
        [  -inf,   -inf,   -inf, 2.9218, 3.5832, 4.0568, 4.3872, 4.6342, 4.7938,
         4.8931, 4.9462, 4.9827, 5.0072, 5.0231, 5.0325, 5.0373],
        [  -inf,   -inf,   -inf, 2.9243, 3.5864, 4.0622, 4.3912, 4.6396, 4.7999,
         4.9006, 4.9538, 4.9907, 5.0152, 5.0311, 5.0405, 5.0453],
        [  -inf,   -inf,   -inf, 2.9265, 3.5895, 4.0672, 4.3960, 4.6450, 4.8060,
         4.9080, 4.9613, 4.9982, 5.0232, 5.0391, 5.0485, 5.0533],
        [  -inf,   -inf,   -inf, 2.9285, 3.5924, 4.0723, 4.4029, 4.6500, 4.8121,
         4.9149, 4.9687, 5.0057, 5.0308, 5.0471, 5.0565, 5.0613],
        [  -inf,   -inf,   -inf, 2.9303, 3.5953, 4.0773, 4.4097, 4.6550, 4.8181,
         4.9217, 4.9758, 5.0131, 5.0383, 5.0546, 5.0645, 5.0693],
        [  -inf,   -inf,   -inf, 2.9321, 3.5979, 4.0823, 4.4166, 4.6601, 4.8240,
         4.9286, 4.9829, 5.0202, 5.0457, 5.0621, 5.0721, 5.0773],
        [  -inf,   -inf,   -inf, 2.9339, 3.6005, 4.0873, 4.4231, 4.6651, 4.8299,
         4.9354, 4.9900, 5.0273, 5.0528, 5.0695, 5.0796, 5.0849],
        [  -inf,   -inf,   -inf, 2.9356, 3.6030, 4.0922, 4.4296, 4.6701, 4.8357,
         4.9418, 4.9971, 5.0345, 5.0599, 5.0766, 5.0870, 5.0924],
        [  -inf,   -inf,   -inf, 2.9370, 3.6054, 4.0970, 4.4356, 4.6750, 4.8416,
         4.9483, 5.0042, 5.0416, 5.0670, 5.0837, 5.0941, 5.0998],
        [  -inf,   -inf,   -inf, 2.9385, 3.6078, 4.1017, 4.4417, 4.6798, 4.8475,
         4.9544, 5.0113, 5.0487, 5.0741, 5.0909, 5.1012, 5.1069],
        [  -inf,   -inf,   -inf, 2.9399, 3.6102, 4.1065, 4.4478, 4.6845, 4.8533,
         4.9605, 5.0185, 5.0558, 5.0812, 5.0980, 5.1083, 5.1140],
        [  -inf,   -inf,   -inf, 2.9413, 3.6126, 4.1105, 4.4539, 4.6892, 4.8592,
         4.9665, 5.0256, 5.0629, 5.0884, 5.1051, 5.1154, 5.1211],
        [  -inf,   -inf,   -inf, 2.9426, 3.6150, 4.1145, 4.4599, 4.6937, 4.8647,
         4.9726, 5.0327, 5.0700, 5.0955, 5.1122, 5.1225, 5.1282],
        [  -inf,   -inf,   -inf, 2.9437, 3.6174, 4.1186, 4.4655, 4.6983, 4.8702,
         4.9787, 5.0396, 5.0771, 5.1026, 5.1193, 5.1297, 5.1353],
        [  -inf,   -inf,   -inf, 2.9448, 3.6198, 4.1226, 4.4710, 4.7027, 4.8757,
         4.9846, 5.0464, 5.0840, 5.1097, 5.1264, 5.1368, 5.1425],
        [  -inf,   -inf,   -inf, 2.9459, 3.6234, 4.1266, 4.4765, 4.7078, 4.8811,
         4.9904, 5.0533, 5.0909, 5.1166, 5.1335, 5.1439, 5.1496],
        [  -inf,   -inf,   -inf, 2.9470, 3.6281, 4.1305, 4.4819, 4.7152, 4.8865,
         4.9963, 5.0601, 5.0978, 5.1234, 5.1404, 5.1510, 5.1567],
        [  -inf,   -inf,   -inf, 2.9479, 3.6329, 4.1345, 4.4873, 4.7221, 4.8919,
         5.0021, 5.0665, 5.1045, 5.1303, 5.1473, 5.1579, 5.1638],
        [  -inf,   -inf,   -inf, 2.9488, 3.6376, 4.1385, 4.4927, 4.7289, 4.8970,
         5.0080, 5.0730, 5.1110, 5.1371, 5.1542, 5.1647, 5.1707],
        [  -inf,   -inf,   -inf, 2.9496, 3.6412, 4.1424, 4.4977, 4.7358, 4.9020,
         5.0139, 5.0791, 5.1175, 5.1436, 5.1609, 5.1716, 5.1775],
        [  -inf,   -inf,   -inf, 2.9505, 3.6449, 4.1464, 4.5028, 4.7423, 4.9070,
         5.0197, 5.0852, 5.1235, 5.1500, 5.1674, 5.1784, 5.1844],
        [  -inf,   -inf,   -inf, 2.9514, 3.6485, 4.1500, 4.5078, 4.7487, 4.9121,
         5.0253, 5.0913, 5.1296, 5.1561, 5.1739, 5.1849, 5.1912],
        [  -inf,   -inf,   -inf, 2.9522, 3.6521, 4.1536, 4.5128, 4.7548, 4.9170,
         5.0308, 5.0973, 5.1357, 5.1622, 5.1799, 5.1913, 5.1977],
        [  -inf,   -inf,   -inf, 2.9530, 3.6554, 4.1573, 4.5178, 4.7609, 4.9220,
         5.0363, 5.1034, 5.1418, 5.1683, 5.1860, 5.1974, 5.2041],
        [  -inf,   -inf,   -inf, 2.9538, 3.6586, 4.1608, 4.5227, 4.7670, 4.9267,
         5.0417, 5.1093, 5.1478, 5.1743, 5.1921, 5.2035, 5.2102],
        [  -inf,   -inf,   -inf, 2.9546, 3.6619, 4.1643, 4.5275, 4.7731, 4.9315,
         5.0471, 5.1151, 5.1537, 5.1804, 5.1982, 5.2096, 5.2163],
        [  -inf,   -inf,   -inf, 2.9553, 3.6649, 4.1678, 4.5322, 4.7791, 4.9362,
         5.0525, 5.1210, 5.1596, 5.1863, 5.2042, 5.2156, 5.2224],
        [  -inf,   -inf,   -inf, 2.9561, 3.6678, 4.1712, 4.5370, 4.7846, 4.9417,
         5.0575, 5.1269, 5.1654, 5.1921, 5.2101, 5.2217, 5.2284],
        [  -inf,   -inf,   -inf, 2.9568, 3.6705, 4.1747, 4.5410, 4.7902, 4.9482,
         5.0626, 5.1327, 5.1713, 5.1980, 5.2160, 5.2276, 5.2345],
        [  -inf,   -inf,   -inf, 2.9575, 3.6731, 4.1780, 4.5450, 4.7957, 4.9547,
         5.0676, 5.1386, 5.1772, 5.2039, 5.2218, 5.2334, 5.2404],
        [  -inf,   -inf,   -inf, 2.9583, 3.6755, 4.1813, 4.5491, 4.8011, 4.9608,
         5.0726, 5.1445, 5.1830, 5.2097, 5.2277, 5.2393, 5.2462],
        [  -inf,   -inf,   -inf, 2.9589, 3.6779, 4.1846, 4.5531, 4.8065, 4.9668,
         5.0776, 5.1500, 5.1889, 5.2156, 5.2336, 5.2452, 5.2521],
        [  -inf,   -inf,   -inf, 2.9595, 3.6803, 4.1879, 4.5571, 4.8119, 4.9729,
         5.0825, 5.1555, 5.1944, 5.2215, 5.2394, 5.2510, 5.2580],
        [  -inf,   -inf,   -inf, 2.9601, 3.6828, 4.1911, 4.5610, 4.8169, 4.9790,
         5.0873, 5.1610, 5.1999, 5.2270, 5.2453, 5.2569, 5.2638],
        [  -inf,   -inf,   -inf, 2.9606, 3.6852, 4.1942, 4.5650, 4.8219, 4.9851,
         5.0920, 5.1664, 5.2054, 5.2325, 5.2508, 5.2628, 5.2697],
        [  -inf,   -inf,   -inf, 2.9611, 3.6876, 4.1971, 4.5690, 4.8270, 4.9910,
         5.0968, 5.1718, 5.2108, 5.2380, 5.2563, 5.2683, 5.2756],
        [  -inf,   -inf,   -inf, 2.9616, 3.6900, 4.2000, 4.5729, 4.8320, 4.9969,
         5.1023, 5.1772, 5.2163, 5.2434, 5.2618, 5.2738, 5.2811],
        [  -inf,   -inf,   -inf, 2.9620, 3.6924, 4.2036, 4.5769, 4.8370, 5.0027,
         5.1088, 5.1822, 5.2217, 5.2488, 5.2673, 5.2793, 5.2866],
        [  -inf,   -inf,   -inf, 2.9625, 3.6948, 4.2077, 4.5806, 4.8419, 5.0086,
         5.1152, 5.1873, 5.2269, 5.2542, 5.2727, 5.2847, 5.2921],
        [  -inf,   -inf,   -inf, 2.9629, 3.6972, 4.2117, 4.5842, 4.8467, 5.0144,
         5.1213, 5.1923, 5.2321, 5.2594, 5.2781, 5.2901, 5.2975],
        [  -inf,   -inf,   -inf, 2.9633, 3.6995, 4.2158, 4.5879, 4.8514, 5.0203,
         5.1274, 5.1973, 5.2373, 5.2646, 5.2833, 5.2955, 5.3029],
        [  -inf,   -inf,   -inf, 2.9637, 3.7019, 4.2198, 4.5916, 4.8562, 5.0262,
         5.1335, 5.2023, 5.2425, 5.2698, 5.2885, 5.3007, 5.3083],
        [  -inf,   -inf,   -inf, 2.9641, 3.7042, 4.2237, 4.5953, 4.8606, 5.0320,
         5.1395, 5.2073, 5.2477, 5.2751, 5.2937, 5.3059, 5.3135],
        [  -inf,   -inf,   -inf, 2.9645, 3.7064, 4.2277, 4.5989, 4.8651, 5.0376,
         5.1456, 5.2120, 5.2529, 5.2803, 5.2989, 5.3112, 5.3187],
        [  -inf,   -inf,   -inf, 2.9648, 3.7086, 4.2317, 4.6026, 4.8695, 5.0431,
         5.1515, 5.2167, 5.2581, 5.2855, 5.3041, 5.3164, 5.3239],
        [  -inf,   -inf,   -inf, 2.9652, 3.7107, 4.2356, 4.6062, 4.8740, 5.0486,
         5.1574, 5.2215, 5.2633, 5.2907, 5.3093, 5.3216, 5.3292],
        [  -inf,   -inf,   -inf, 2.9656, 3.7128, 4.2396, 4.6098, 4.8784, 5.0540,
         5.1633, 5.2270, 5.2686, 5.2959, 5.3145, 5.3268, 5.3344],
        [  -inf,   -inf,   -inf, 2.9659, 3.7150, 4.2435, 4.6132, 4.8829, 5.0594,
         5.1691, 5.2335, 5.2738, 5.3011, 5.3197, 5.3320, 5.3396],
        [  -inf,   -inf,   -inf, 2.9663, 3.7169, 4.2472, 4.6167, 4.8869, 5.0648,
         5.1750, 5.2399, 5.2788, 5.3063, 5.3250, 5.3372, 5.3448],
        [  -inf,   -inf,   -inf, 2.9666, 3.7187, 4.2508, 4.6202, 4.8909, 5.0698,
         5.1809, 5.2460, 5.2844, 5.3114, 5.3302, 5.3424, 5.3500],
        [  -inf,   -inf,   -inf, 2.9669, 3.7206, 4.2544, 4.6237, 4.8950, 5.0749,
         5.1867, 5.2521, 5.2905, 5.3169, 5.3352, 5.3476, 5.3552],
        [  -inf,   -inf,   -inf, 2.9673, 3.7224, 4.2580, 4.6270, 4.8990, 5.0799,
         5.1926, 5.2582, 5.2965, 5.3230, 5.3408, 5.3527, 5.3604],
        [  -inf,   -inf,   -inf, 2.9676, 3.7241, 4.2615, 4.6310, 4.9030, 5.0849,
         5.1981, 5.2642, 5.3026, 5.3291, 5.3469, 5.3583, 5.3655],
        [  -inf,   -inf,   -inf, 2.9678, 3.7259, 4.2649, 4.6357, 4.9069, 5.0899,
         5.2036, 5.2703, 5.3087, 5.3352, 5.3529, 5.3643, 5.3710],
        [  -inf,   -inf,   -inf, 2.9681, 3.7276, 4.2684, 4.6404, 4.9109, 5.0948,
         5.2091, 5.2762, 5.3148, 5.3412, 5.3590, 5.3704, 5.3771],
        [  -inf,   -inf,   -inf, 2.9684, 3.7292, 4.2719, 4.6452, 4.9148, 5.0996,
         5.2145, 5.2821, 5.3207, 5.3473, 5.3651, 5.3765, 5.3832],
        [  -inf,   -inf,   -inf, 2.9686, 3.7308, 4.2752, 4.6492, 4.9188, 5.1043,
         5.2199, 5.2880, 5.3266, 5.3533, 5.3712, 5.3826, 5.3893],
        [  -inf,   -inf,   -inf, 2.9689, 3.7323, 4.2784, 4.6533, 4.9228, 5.1091,
         5.2253, 5.2938, 5.3324, 5.3591, 5.3771, 5.3886, 5.3953],
        [  -inf,   -inf,   -inf, 2.9691, 3.7339, 4.2817, 4.6573, 4.9264, 5.1135,
         5.2304, 5.2997, 5.3383, 5.3650, 5.3830, 5.3946, 5.4014],
        [  -inf,   -inf,   -inf, 2.9694, 3.7355, 4.2847, 4.6614, 4.9301, 5.1180,
         5.2354, 5.3056, 5.3442, 5.3708, 5.3888, 5.4004, 5.4074],
        [  -inf,   -inf,   -inf, 2.9696, 3.7370, 4.2877, 4.6653, 4.9338, 5.1224,
         5.2404, 5.3114, 5.3500, 5.3767, 5.3947, 5.4063, 5.4132],
        [  -inf,   -inf,   -inf, 2.9699, 3.7384, 4.2903, 4.6693, 4.9375, 5.1269,
         5.2455, 5.3173, 5.3559, 5.3826, 5.4006, 5.4122, 5.4191],
        [  -inf,   -inf,   -inf, 2.9702, 3.7399, 4.2930, 4.6732, 4.9412, 5.1313,
         5.2504, 5.3228, 5.3617, 5.3884, 5.4064, 5.4180, 5.4249],
        [  -inf,   -inf,   -inf, 2.9704, 3.7413, 4.2956, 4.6772, 4.9448, 5.1358,
         5.2554, 5.3283, 5.3673, 5.3943, 5.4123, 5.4239, 5.4308],
        [  -inf,   -inf,   -inf, 2.9706, 3.7428, 4.2983, 4.6811, 4.9484, 5.1398,
         5.2601, 5.3338, 5.3728, 5.3998, 5.4181, 5.4297, 5.4367],
        [  -inf,   -inf,   -inf, 2.9708, 3.7443, 4.3009, 4.6851, 4.9521, 5.1438,
         5.2649, 5.3393, 5.3783, 5.4053, 5.4237, 5.4356, 5.4425],
        [  -inf,   -inf,   -inf, 2.9710, 3.7466, 4.3035, 4.6888, 4.9556, 5.1479,
         5.2696, 5.3447, 5.3837, 5.4109, 5.4292, 5.4411, 5.4484],
        [  -inf,   -inf,   -inf, 2.9713, 3.7487, 4.3060, 4.6925, 4.9591, 5.1519,
         5.2741, 5.3501, 5.3891, 5.4163, 5.4347, 5.4466, 5.4539],
        [  -inf,   -inf,   -inf, 2.9717, 3.7509, 4.3084, 4.6962, 4.9630, 5.1559,
         5.2785, 5.3551, 5.3945, 5.4217, 5.4401, 5.4522, 5.4594],
        [  -inf,   -inf,   -inf, 2.9720, 3.7530, 4.3108, 4.6998, 4.9677, 5.1598,
         5.2830, 5.3601, 5.3997, 5.4271, 5.4455, 5.4576, 5.4650],
        [  -inf,   -inf,   -inf, 2.9724, 3.7550, 4.3132, 4.7035, 4.9725, 5.1638,
         5.2874, 5.3652, 5.4049, 5.4323, 5.4509, 5.4630, 5.4704],
        [  -inf,   -inf,   -inf, 2.9727, 3.7568, 4.3156, 4.7072, 4.9769, 5.1678,
         5.2919, 5.3702, 5.4101, 5.4375, 5.4561, 5.4684, 5.4758],
        [  -inf,   -inf,   -inf, 2.9730, 3.7586, 4.3180, 4.7108, 4.9814, 5.1717,
         5.2963, 5.3751, 5.4153, 5.4427, 5.4613, 5.4736, 5.4812],
        [  -inf,   -inf,   -inf, 2.9734, 3.7604, 4.3204, 4.7144, 4.9858, 5.1757,
         5.3007, 5.3801, 5.4206, 5.4479, 5.4665, 5.4788, 5.4864],
        [  -inf,   -inf,   -inf, 2.9737, 3.7622, 4.3228, 4.7180, 4.9903, 5.1794,
         5.3050, 5.3848, 5.4258, 5.4531, 5.4717, 5.4840, 5.4916],
        [  -inf,   -inf,   -inf, 2.9739, 3.7640, 4.3252, 4.7215, 4.9947, 5.1830,
         5.3093, 5.3896, 5.4310, 5.4583, 5.4770, 5.4892, 5.4968],
        [  -inf,   -inf,   -inf, 2.9742, 3.7657, 4.3276, 4.7249, 4.9992, 5.1867,
         5.3135, 5.3943, 5.4362, 5.4635, 5.4822, 5.4944, 5.5020],
        [  -inf,   -inf,   -inf, 2.9745, 3.7673, 4.3300, 4.7284, 5.0032, 5.1904,
         5.3178, 5.3988, 5.4414, 5.4687, 5.4874, 5.4996, 5.5072],
        [  -inf,   -inf,   -inf, 2.9747, 3.7689, 4.3324, 4.7319, 5.0073, 5.1941,
         5.3221, 5.4032, 5.4466, 5.4740, 5.4926, 5.5048, 5.5124],
        [  -inf,   -inf,   -inf, 2.9750, 3.7703, 4.3346, 4.7352, 5.0113, 5.1977,
         5.3264, 5.4077, 5.4516, 5.4792, 5.4978, 5.5101, 5.5176],
        [  -inf,   -inf,   -inf, 2.9752, 3.7718, 4.3368, 4.7384, 5.0153, 5.2014,
         5.3307, 5.4121, 5.4567, 5.4842, 5.5030, 5.5153, 5.5228],
        [  -inf,   -inf,   -inf, 2.9755, 3.7732, 4.3390, 4.7417, 5.0193, 5.2050,
         5.3350, 5.4166, 5.4617, 5.4892, 5.5080, 5.5205, 5.5281],
        [  -inf,   -inf,   -inf, 2.9757, 3.7747, 4.3411, 4.7447, 5.0233, 5.2086,
         5.3391, 5.4210, 5.4667, 5.4943, 5.5131, 5.5255, 5.5333],
        [  -inf,   -inf,   -inf, 2.9759, 3.7761, 4.3433, 4.7477, 5.0272, 5.2121,
         5.3431, 5.4254, 5.4717, 5.4993, 5.5181, 5.5305, 5.5383],
        [  -inf,   -inf,   -inf, 2.9762, 3.7775, 4.3454, 4.7507, 5.0312, 5.2171,
         5.3471, 5.4297, 5.4767, 5.5043, 5.5231, 5.5356, 5.5433],
        [  -inf,   -inf,   -inf, 2.9764, 3.7788, 4.3474, 4.7536, 5.0351, 5.2218,
         5.3512, 5.4340, 5.4814, 5.5092, 5.5281, 5.5406, 5.5484],
        [  -inf,   -inf,   -inf, 2.9766, 3.7802, 4.3493, 4.7566, 5.0391, 5.2266,
         5.3551, 5.4383, 5.4861, 5.5140, 5.5331, 5.5456, 5.5534],
        [  -inf,   -inf,   -inf, 2.9768, 3.7815, 4.3512, 4.7595, 5.0428, 5.2313,
         5.3591, 5.4426, 5.4909, 5.5187, 5.5378, 5.5505, 5.5584],
        [  -inf,   -inf,   -inf, 2.9769, 3.7828, 4.3531, 4.7624, 5.0465, 5.2358,
         5.3631, 5.4469, 5.4953, 5.5234, 5.5425, 5.5553, 5.5633],
        [  -inf,   -inf,   -inf, 2.9771, 3.7842, 4.3557, 4.7653, 5.0501, 5.2402,
         5.3670, 5.4511, 5.4998, 5.5279, 5.5473, 5.5600, 5.5681],
        [  -inf,   -inf,   -inf, 2.9773, 3.7855, 4.3584, 4.7682, 5.0538, 5.2447,
         5.3710, 5.4554, 5.5042, 5.5323, 5.5517, 5.5647, 5.5728],
        [  -inf,   -inf,   -inf, 2.9775, 3.7868, 4.3610, 4.7711, 5.0575, 5.2491,
         5.3749, 5.4597, 5.5087, 5.5368, 5.5562, 5.5692, 5.5775],
        [  -inf,   -inf,   -inf, 2.9776, 3.7881, 4.3636, 4.7740, 5.0611, 5.2536,
         5.3786, 5.4638, 5.5131, 5.5412, 5.5606, 5.5736, 5.5820],
        [  -inf,   -inf,   -inf, 2.9778, 3.7894, 4.3661, 4.7769, 5.0648, 5.2580,
         5.3823, 5.4678, 5.5176, 5.5457, 5.5651, 5.5781, 5.5864],
        [  -inf,   -inf,   -inf, 2.9780, 3.7906, 4.3685, 4.7798, 5.0684, 5.2621,
         5.3860, 5.4719, 5.5219, 5.5501, 5.5695, 5.5826, 5.5909],
        [  -inf,   -inf,   -inf, 2.9782, 3.7919, 4.3709, 4.7827, 5.0720, 5.2661,
         5.3897, 5.4759, 5.5262, 5.5545, 5.5740, 5.5870, 5.5953],
        [  -inf,   -inf,   -inf, 2.9783, 3.7930, 4.3733, 4.7856, 5.0754, 5.2701,
         5.3934, 5.4799, 5.5305, 5.5588, 5.5783, 5.5914, 5.5998],
        [  -inf,   -inf,   -inf, 2.9785, 3.7941, 4.3757, 4.7885, 5.0789, 5.2742,
         5.3970, 5.4838, 5.5348, 5.5631, 5.5826, 5.5958, 5.6042],
        [  -inf,   -inf,   -inf, 2.9786, 3.7952, 4.3781, 4.7914, 5.0824, 5.2781,
         5.4008, 5.4878, 5.5391, 5.5674, 5.5869, 5.6001, 5.6086],
        [  -inf,   -inf,   -inf, 2.9788, 3.7963, 4.3805, 4.7941, 5.0859, 5.2821,
         5.4052, 5.4917, 5.5434, 5.5717, 5.5912, 5.6044, 5.6129],
        [  -inf,   -inf,   -inf, 2.9789, 3.7973, 4.3829, 4.7967, 5.0892, 5.2861,
         5.4097, 5.4957, 5.5477, 5.5760, 5.5955, 5.6087, 5.6172],
        [  -inf,   -inf,   -inf, 2.9791, 3.7984, 4.3853, 4.7994, 5.0924, 5.2900,
         5.4141, 5.4996, 5.5520, 5.5803, 5.5998, 5.6130, 5.6215],
        [  -inf,   -inf,   -inf, 2.9792, 3.7995, 4.3876, 4.8021, 5.0957, 5.2940,
         5.4186, 5.5033, 5.5563, 5.5846, 5.6041, 5.6173, 5.6258],
        [  -inf,   -inf,   -inf, 2.9794, 3.8005, 4.3899, 4.8047, 5.0987, 5.2979,
         5.4229, 5.5070, 5.5603, 5.5888, 5.6084, 5.6216, 5.6301],
        [  -inf,   -inf,   -inf, 2.9795, 3.8016, 4.3921, 4.8073, 5.1017, 5.3016,
         5.4273, 5.5107, 5.5644, 5.5929, 5.6127, 5.6259, 5.6344],
        [  -inf,   -inf,   -inf, 2.9796, 3.8026, 4.3943, 4.8098, 5.1046, 5.3053,
         5.4316, 5.5144, 5.5684, 5.5969, 5.6167, 5.6302, 5.6387],
        [  -inf,   -inf,   -inf, 2.9798, 3.8037, 4.3964, 4.8124, 5.1076, 5.3090,
         5.4359, 5.5181, 5.5725, 5.6010, 5.6208, 5.6342, 5.6430],
        [  -inf,   -inf,   -inf, 2.9799, 3.8048, 4.3985, 4.8149, 5.1106, 5.3127,
         5.4402, 5.5217, 5.5764, 5.6050, 5.6248, 5.6382, 5.6470],
        [  -inf,   -inf,   -inf, 2.9800, 3.8058, 4.4005, 4.8175, 5.1135, 5.3164,
         5.4444, 5.5255, 5.5804, 5.6090, 5.6289, 5.6423, 5.6510],
        [  -inf,   -inf,   -inf, 2.9801, 3.8068, 4.4024, 4.8200, 5.1164, 5.3200,
         5.4487, 5.5299, 5.5843, 5.6129, 5.6328, 5.6463, 5.6551],
        [  -inf,   -inf,   -inf, 2.9802, 3.8077, 4.4043, 4.8225, 5.1193, 5.3236,
         5.4530, 5.5344, 5.5883, 5.6169, 5.6368, 5.6503, 5.6591],
        [  -inf,   -inf,   -inf, 2.9803, 3.8086, 4.4063, 4.8249, 5.1222, 5.3272,
         5.4573, 5.5388, 5.5922, 5.6208, 5.6407, 5.6542, 5.6631],
        [  -inf,   -inf,   -inf, 2.9805, 3.8096, 4.4081, 4.8273, 5.1251, 5.3308,
         5.4616, 5.5433, 5.5962, 5.6248, 5.6447, 5.6582, 5.6670],
        [  -inf,   -inf,   -inf, 2.9806, 3.8104, 4.4099, 4.8297, 5.1280, 5.3343,
         5.4657, 5.5476, 5.5999, 5.6287, 5.6486, 5.6621, 5.6710],
        [  -inf,   -inf,   -inf, 2.9807, 3.8113, 4.4117, 4.8321, 5.1309, 5.3378,
         5.4697, 5.5520, 5.6036, 5.6326, 5.6526, 5.6661, 5.6749],
        [  -inf,   -inf,   -inf, 2.9808, 3.8122, 4.4135, 4.8345, 5.1338, 5.3412,
         5.4738, 5.5563, 5.6073, 5.6364, 5.6564, 5.6701, 5.6789],
        [  -inf,   -inf,   -inf, 2.9809, 3.8130, 4.4153, 4.8369, 5.1367, 5.3447,
         5.4778, 5.5606, 5.6109, 5.6402, 5.6602, 5.6739, 5.6829],
        [  -inf,   -inf,   -inf, 2.9810, 3.8139, 4.4170, 4.8394, 5.1396, 5.3480,
         5.4818, 5.5649, 5.6146, 5.6440, 5.6640, 5.6777, 5.6867],
        [  -inf,   -inf,   -inf, 2.9811, 3.8147, 4.4188, 4.8423, 5.1425, 5.3513,
         5.4857, 5.5692, 5.6183, 5.6478, 5.6679, 5.6815, 5.6905],
        [  -inf,   -inf,   -inf, 2.9812, 3.8155, 4.4206, 4.8452, 5.1454, 5.3545,
         5.4897, 5.5735, 5.6220, 5.6517, 5.6717, 5.6853, 5.6943],
        [  -inf,   -inf,   -inf, 2.9813, 3.8163, 4.4223, 4.8481, 5.1481, 5.3578,
         5.4936, 5.5778, 5.6265, 5.6555, 5.6755, 5.6891, 5.6981],
        [  -inf,   -inf,   -inf, 2.9815, 3.8171, 4.4241, 4.8510, 5.1508, 5.3611,
         5.4976, 5.5820, 5.6309, 5.6593, 5.6793, 5.6930, 5.7019],
        [  -inf,   -inf,   -inf, 2.9817, 3.8179, 4.4259, 4.8539, 5.1535, 5.3643,
         5.5015, 5.5863, 5.6354, 5.6635, 5.6831, 5.6968, 5.7058],
        [  -inf,   -inf,   -inf, 2.9818, 3.8187, 4.4276, 4.8568, 5.1562, 5.3676,
         5.5052, 5.5904, 5.6398, 5.6679, 5.6873, 5.7006, 5.7096],
        [  -inf,   -inf,   -inf, 2.9819, 3.8195, 4.4294, 4.8597, 5.1589, 5.3708,
         5.5089, 5.5944, 5.6442, 5.6724, 5.6918, 5.7048, 5.7134],
        [  -inf,   -inf,   -inf, 2.9821, 3.8203, 4.4312, 4.8626, 5.1616, 5.3741,
         5.5126, 5.5985, 5.6485, 5.6767, 5.6962, 5.7093, 5.7176],
        [  -inf,   -inf,   -inf, 2.9822, 3.8211, 4.4329, 4.8652, 5.1643, 5.3774,
         5.5163, 5.6025, 5.6528, 5.6811, 5.7006, 5.7137, 5.7221],
        [  -inf,   -inf,   -inf, 2.9823, 3.8219, 4.4347, 4.8679, 5.1669, 5.3804,
         5.5200, 5.6065, 5.6571, 5.6854, 5.7049, 5.7181, 5.7265],
        [  -inf,   -inf,   -inf, 2.9825, 3.8227, 4.4364, 4.8706, 5.1696, 5.3834,
         5.5236, 5.6104, 5.6614, 5.6897, 5.7092, 5.7224, 5.7308],
        [  -inf,   -inf,   -inf, 2.9826, 3.8235, 4.4382, 4.8732, 5.1722, 5.3863,
         5.5272, 5.6144, 5.6657, 5.6940, 5.7135, 5.7267, 5.7352],
        [  -inf,   -inf,   -inf, 2.9827, 3.8243, 4.4399, 4.8758, 5.1750, 5.3893,
         5.5309, 5.6183, 5.6700, 5.6983, 5.7178, 5.7310, 5.7395],
        [  -inf,   -inf,   -inf, 2.9828, 3.8250, 4.4417, 4.8785, 5.1780, 5.3922,
         5.5344, 5.6223, 5.6743, 5.7026, 5.7221, 5.7353, 5.7438],
        [  -inf,   -inf,   -inf, 2.9830, 3.8258, 4.4434, 4.8810, 5.1810, 5.3952,
         5.5379, 5.6262, 5.6786, 5.7069, 5.7264, 5.7396, 5.7481],
        [  -inf,   -inf,   -inf, 2.9831, 3.8265, 4.4452, 4.8835, 5.1839, 5.3981,
         5.5414, 5.6299, 5.6829, 5.7112, 5.7307, 5.7439, 5.7524],
        [  -inf,   -inf,   -inf, 2.9832, 3.8272, 4.4469, 4.8861, 5.1869, 5.4010,
         5.5448, 5.6336, 5.6869, 5.7155, 5.7350, 5.7482, 5.7567],
        [  -inf,   -inf,   -inf, 2.9833, 3.8280, 4.4487, 4.8886, 5.1898, 5.4039,
         5.5483, 5.6373, 5.6910, 5.7195, 5.7393, 5.7525, 5.7610],
        [  -inf,   -inf,   -inf, 2.9834, 3.8286, 4.4504, 4.8912, 5.1928, 5.4068,
         5.5516, 5.6410, 5.6950, 5.7235, 5.7433, 5.7568, 5.7653],
        [  -inf,   -inf,   -inf, 2.9835, 3.8293, 4.4521, 4.8936, 5.1957, 5.4097,
         5.5549, 5.6447, 5.6991, 5.7276, 5.7474, 5.7608, 5.7696],
        [  -inf,   -inf,   -inf, 2.9836, 3.8300, 4.4538, 4.8960, 5.1986, 5.4126,
         5.5581, 5.6483, 5.7030, 5.7316, 5.7514, 5.7648, 5.7736],
        [  -inf,   -inf,   -inf, 2.9837, 3.8306, 4.4554, 4.8985, 5.2015, 5.4155,
         5.5614, 5.6519, 5.7070, 5.7356, 5.7555, 5.7689, 5.7776],
        [  -inf,   -inf,   -inf, 2.9838, 3.8313, 4.4570, 4.9009, 5.2044, 5.4184,
         5.5647, 5.6556, 5.7109, 5.7395, 5.7594, 5.7729, 5.7817],
        [  -inf,   -inf,   -inf, 2.9839, 3.8319, 4.4586, 4.9033, 5.2073, 5.4213,
         5.5679, 5.6591, 5.7149, 5.7435, 5.7634, 5.7769, 5.7857],
        [  -inf,   -inf,   -inf, 2.9840, 3.8326, 4.4602, 4.9056, 5.2102, 5.4242,
         5.5712, 5.6626, 5.7188, 5.7474, 5.7673, 5.7808, 5.7897],
        [  -inf,   -inf,   -inf, 2.9842, 3.8332, 4.4618, 4.9080, 5.2131, 5.4271,
         5.5744, 5.6661, 5.7228, 5.7514, 5.7713, 5.7848, 5.7936],
        [  -inf,   -inf,   -inf, 2.9843, 3.8339, 4.4633, 4.9104, 5.2160, 5.4298,
         5.5777, 5.6696, 5.7265, 5.7554, 5.7752, 5.7888, 5.7976],
        [  -inf,   -inf,   -inf, 2.9845, 3.8345, 4.4649, 4.9128, 5.2189, 5.4325,
         5.5810, 5.6730, 5.7302, 5.7592, 5.7792, 5.7927, 5.8015],
        [  -inf,   -inf,   -inf, 2.9846, 3.8351, 4.4665, 4.9152, 5.2218, 5.4352,
         5.5840, 5.6763, 5.7339, 5.7630, 5.7830, 5.7967, 5.8055],
        [  -inf,   -inf,   -inf, 2.9848, 3.8358, 4.4679, 4.9174, 5.2247, 5.4379,
         5.5870, 5.6796, 5.7375, 5.7668, 5.7868, 5.8005, 5.8095],
        [  -inf,   -inf,   -inf, 2.9849, 3.8364, 4.4694, 4.9197, 5.2274, 5.4406,
         5.5899, 5.6828, 5.7412, 5.7706, 5.7906, 5.8043, 5.8133],
        [  -inf,   -inf,   -inf, 2.9850, 3.8370, 4.4708, 4.9218, 5.2301, 5.4433,
         5.5929, 5.6861, 5.7449, 5.7744, 5.7945, 5.8081, 5.8171],
        [  -inf,   -inf,   -inf, 2.9852, 3.8376, 4.4723, 4.9240, 5.2328, 5.4463,
         5.5958, 5.6894, 5.7485, 5.7783, 5.7983, 5.8119, 5.8209],
        [  -inf,   -inf,   -inf, 2.9853, 3.8382, 4.4737, 4.9261, 5.2355, 5.4495,
         5.5988, 5.6926, 5.7521, 5.7821, 5.8021, 5.8157, 5.8247],
        [  -inf,   -inf,   -inf, 2.9854, 3.8388, 4.4751, 4.9281, 5.2382, 5.4528,
         5.6017, 5.6959, 5.7557, 5.7859, 5.8059, 5.8196, 5.8285],
        [  -inf,   -inf,   -inf, 2.9855, 3.8394, 4.4764, 4.9300, 5.2409, 5.4560,
         5.6046, 5.6991, 5.7592, 5.7897, 5.8097, 5.8234, 5.8324],
        [  -inf,   -inf,   -inf, 2.9856, 3.8400, 4.4778, 4.9320, 5.2435, 5.4593,
         5.6075, 5.7024, 5.7626, 5.7935, 5.8136, 5.8272, 5.8362],
        [  -inf,   -inf,   -inf, 2.9858, 3.8406, 4.4791, 4.9339, 5.2462, 5.4626,
         5.6104, 5.7057, 5.7661, 5.7973, 5.8174, 5.8310, 5.8400],
        [  -inf,   -inf,   -inf, 2.9859, 3.8411, 4.4804, 4.9359, 5.2489, 5.4656,
         5.6133, 5.7088, 5.7696, 5.8010, 5.8212, 5.8348, 5.8438],
        [  -inf,   -inf,   -inf, 2.9860, 3.8417, 4.4817, 4.9378, 5.2515, 5.4686,
         5.6162, 5.7120, 5.7729, 5.8047, 5.8249, 5.8386, 5.8476],
        [  -inf,   -inf,   -inf, 2.9861, 3.8423, 4.4831, 4.9397, 5.2541, 5.4715,
         5.6191, 5.7152, 5.7761, 5.8084, 5.8286, 5.8423, 5.8514],
        [  -inf,   -inf,   -inf, 2.9862, 3.8429, 4.4844, 4.9416, 5.2567, 5.4745,
         5.6220, 5.7183, 5.7794, 5.8121, 5.8322, 5.8460, 5.8551],
        [  -inf,   -inf,   -inf, 2.9863, 3.8435, 4.4857, 4.9436, 5.2593, 5.4774,
         5.6249, 5.7215, 5.7827, 5.8158, 5.8359, 5.8497, 5.8588],
        [  -inf,   -inf,   -inf, 2.9864, 3.8441, 4.4870, 4.9454, 5.2618, 5.4804,
         5.6278, 5.7246, 5.7859, 5.8194, 5.8396, 5.8534, 5.8625],
        [  -inf,   -inf,   -inf, 2.9865, 3.8446, 4.4883, 4.9472, 5.2644, 5.4833,
         5.6307, 5.7278, 5.7892, 5.8230, 5.8432, 5.8571, 5.8662],
        [  -inf,   -inf,   -inf, 2.9866, 3.8452, 4.4896, 4.9490, 5.2669, 5.4862,
         5.6334, 5.7309, 5.7924, 5.8267, 5.8469, 5.8607, 5.8699],
        [  -inf,   -inf,   -inf, 2.9867, 3.8458, 4.4909, 4.9508, 5.2695, 5.4891,
         5.6361, 5.7341, 5.7957, 5.8302, 5.8505, 5.8643, 5.8735],
        [  -inf,   -inf,   -inf, 2.9868, 3.8463, 4.4921, 4.9525, 5.2719, 5.4920,
         5.6388, 5.7372, 5.7990, 5.8337, 5.8541, 5.8680, 5.8771],
        [  -inf,   -inf,   -inf, 2.9868, 3.8469, 4.4934, 4.9543, 5.2743, 5.4949,
         5.6415, 5.7403, 5.8022, 5.8372, 5.8575, 5.8715, 5.8808],
        [  -inf,   -inf,   -inf, 2.9869, 3.8474, 4.4946, 4.9561, 5.2767, 5.4978,
         5.6444, 5.7434, 5.8054, 5.8406, 5.8610, 5.8750, 5.8843],
        [  -inf,   -inf,   -inf, 2.9870, 3.8480, 4.4957, 4.9579, 5.2792, 5.5007,
         5.6477, 5.7463, 5.8086, 5.8441, 5.8645, 5.8785, 5.8878],
        [  -inf,   -inf,   -inf, 2.9871, 3.8485, 4.4969, 4.9596, 5.2815, 5.5036,
         5.6509, 5.7493, 5.8117, 5.8474, 5.8680, 5.8820, 5.8913],
        [  -inf,   -inf,   -inf, 2.9872, 3.8490, 4.4980, 4.9614, 5.2839, 5.5065,
         5.6542, 5.7523, 5.8149, 5.8507, 5.8713, 5.8854, 5.8948],
        [  -inf,   -inf,   -inf, 2.9873, 3.8496, 4.4992, 4.9632, 5.2863, 5.5094,
         5.6575, 5.7552, 5.8180, 5.8539, 5.8745, 5.8887, 5.8982],
        [  -inf,   -inf,   -inf, 2.9874, 3.8501, 4.5003, 4.9649, 5.2887, 5.5123,
         5.6607, 5.7582, 5.8212, 5.8572, 5.8778, 5.8920, 5.9015],
        [  -inf,   -inf,   -inf, 2.9875, 3.8506, 4.5016, 4.9667, 5.2911, 5.5150,
         5.6640, 5.7611, 5.8243, 5.8605, 5.8811, 5.8953, 5.9048],
        [  -inf,   -inf,   -inf, 2.9875, 3.8512, 4.5030, 4.9685, 5.2935, 5.5177,
         5.6672, 5.7640, 5.8275, 5.8637, 5.8843, 5.8985, 5.9081]])
tensor(0.0050) tensor(5.2233) (256, 11)
