tensor([[  -inf,   -inf,   -inf,   -inf,   -inf,   -inf,   -inf,   -inf,   -inf,
           -inf,   -inf],
        [  -inf, 1.0000, 1.0000, 1.0000, 1.0000, 1.0000, 1.0000, 1.0000, 1.0000,
         1.0000, 1.0000],
        [  -inf,   -inf, 1.7098, 1.7098, 1.7098, 1.7098, 1.7098, 1.7098, 1.7098,
         1.7098, 1.7098],
        [  -inf,   -inf, 1.8016, 2.2137, 2.2137, 2.2137, 2.2137, 2.2137, 2.2137,
         2.2137, 2.2137],
        [  -inf,   -inf, 1.8415, 2.3055, 2.5714, 2.5714, 2.5714, 2.5714, 2.5714,
         2.5714, 2.5714],
        [  -inf,   -inf, 1.8635, 2.3706, 2.6632, 2.8253, 2.8253, 2.8253, 2.8253,
         2.8253, 2.8253],
        [  -inf,   -inf, 1.8783, 2.4358, 2.7283, 2.9170, 3.0055, 3.0055, 3.0055,
         3.0055, 3.0055],
        [  -inf,   -inf, 1.8919, 2.4756, 2.7934, 2.9822, 3.0973, 3.1334, 3.1334,
         3.1334, 3.1334],
        [  -inf,   -inf, 1.9015, 2.5039, 2.8397, 3.0473, 3.1624, 3.2252, 3.2252,
         3.2252, 3.2252],
        [  -inf,   -inf, 1.9078, 2.5322, 2.8859, 3.0936, 3.2276, 3.2903, 3.3160,
         3.3160, 3.3160],
        [  -inf,   -inf, 1.9127, 2.5543, 2.9322, 3.1398, 3.2738, 3.3555, 3.3811,
         3.3811, 3.3811],
        [  -inf,   -inf, 1.9173, 2.5699, 2.9720, 3.1861, 3.3200, 3.4017, 3.4463,
         3.4463, 3.4463],
        [  -inf,   -inf, 1.9211, 2.5856, 3.0003, 3.2259, 3.3663, 3.4480, 3.4925,
         3.5107, 3.5107],
        [  -inf,   -inf, 1.9257, 2.6003, 3.0286, 3.2587, 3.4061, 3.4942, 3.5388,
         3.5570, 3.5570],
        [  -inf,   -inf, 1.9287, 2.6140, 3.0507, 3.2916, 3.4390, 3.5341, 3.5850,
         3.6032, 3.6032],
        [  -inf,   -inf, 1.9313, 2.6245, 3.0707, 3.3244, 3.4718, 3.5669, 3.6249,
         3.6495, 3.6495],
        [  -inf,   -inf, 1.9335, 2.6349, 3.0908, 3.3572, 3.5046, 3.5997, 3.6577,
         3.6893, 3.6952],
        [  -inf,   -inf, 1.9353, 2.6446, 3.1109, 3.3855, 3.5374, 3.6325, 3.6905,
         3.7221, 3.7351],
        [  -inf,   -inf, 1.9374, 2.6543, 3.1266, 3.4138, 3.5657, 3.6654, 3.7233,
         3.7550, 3.7679],
        [  -inf,   -inf, 1.9383, 2.6639, 3.1422, 3.4358, 3.5940, 3.6936, 3.7562,
         3.7878, 3.8007],
        [  -inf,   -inf, 1.9402, 2.6723, 3.1570, 3.4559, 3.6173, 3.7219, 3.7844,
         3.8206, 3.8336],
        [  -inf,   -inf, 1.9409, 2.6792, 3.1706, 3.4760, 3.6406, 3.7452, 3.8127,
         3.8489, 3.8664],
        [  -inf,   -inf, 1.9420, 2.6860, 3.1817, 3.4961, 3.6639, 3.7685, 3.8360,
         3.8772, 3.8947],
        [  -inf,   -inf, 1.9430, 2.6922, 3.1929, 3.5117, 3.6872, 3.7918, 3.8593,
         3.9005, 3.9229],
        [  -inf,   -inf, 1.9443, 2.6972, 3.2040, 3.5274, 3.7105, 3.8151, 3.8826,
         3.9238, 3.9462],
        [  -inf,   -inf, 1.9451, 2.7017, 3.2144, 3.5422, 3.7326, 3.8384, 3.9059,
         3.9471, 3.9695],
        [  -inf,   -inf, 1.9465, 2.7062, 3.2249, 3.5564, 3.7526, 3.8605, 3.9292,
         3.9704, 3.9928],
        [  -inf,   -inf, 1.9475, 2.7106, 3.2346, 3.5707, 3.7727, 3.8806, 3.9513,
         3.9937, 4.0161],
        [  -inf,   -inf, 1.9479, 2.7146, 3.2443, 3.5849, 3.7928, 3.9006, 3.9714,
         4.0158, 4.0394],
        [  -inf,   -inf, 1.9490, 2.7190, 3.2539, 3.5992, 3.8085, 3.9207, 3.9915,
         4.0358, 4.0615],
        [  -inf,   -inf, 1.9495, 2.7227, 3.2623, 3.6128, 3.8241, 3.9373, 4.0115,
         4.0559, 4.0816],
        [  -inf,   -inf, 1.9504, 2.7263, 3.2698, 3.6239, 3.8389, 3.9538, 4.0281,
         4.0760, 4.1017],
        [  -inf,   -inf, 1.9509, 2.7298, 3.2772, 3.6350, 3.8531, 3.9703, 4.0446,
         4.0925, 4.1217],
        [  -inf,   -inf, 1.9517, 2.7333, 3.2846, 3.6462, 3.8674, 3.9869, 4.0611,
         4.1091, 4.1383],
        [  -inf,   -inf,   -inf, 2.7366, 3.2915, 3.6566, 3.8816, 4.0034, 4.0777,
         4.1256, 4.1548],
        [  -inf,   -inf,   -inf, 2.7398, 3.2984, 3.6671, 3.8959, 4.0200, 4.0942,
         4.1421, 4.1714],
        [  -inf,   -inf,   -inf, 2.7431, 3.3052, 3.6768, 3.9095, 4.0356, 4.1108,
         4.1587, 4.1879],
        [  -inf,   -inf,   -inf, 2.7461, 3.3121, 3.6865, 3.9206, 4.0513, 4.1264,
         4.1752, 4.2044],
        [  -inf,   -inf,   -inf, 2.7491, 3.3189, 3.6961, 3.9318, 4.0660, 4.1421,
         4.1909, 4.2210],
        [  -inf,   -inf,   -inf, 2.7521, 3.3251, 3.7045, 3.9429, 4.0803, 4.1568,
         4.2066, 4.2366],
        [  -inf,   -inf,   -inf, 2.7548, 3.3311, 3.7124, 3.9534, 4.0945, 4.1711,
         4.2213, 4.2523],
        [  -inf,   -inf,   -inf, 2.7574, 3.3371, 3.7203, 3.9638, 4.1088, 4.1853,
         4.2356, 4.2671],
        [  -inf,   -inf,   -inf, 2.7596, 3.3431, 3.7282, 3.9739, 4.1230, 4.1996,
         4.2498, 4.2813],
        [  -inf,   -inf,   -inf, 2.7617, 3.3480, 3.7361, 3.9841, 4.1367, 4.2139,
         4.2641, 4.2956],
        [  -inf,   -inf,   -inf, 2.7639, 3.3529, 3.7435, 3.9942, 4.1478, 4.2275,
         4.2783, 4.3098],
        [  -inf,   -inf,   -inf, 2.7659, 3.3577, 3.7510, 4.0043, 4.1589, 4.2392,
         4.2920, 4.3241],
        [  -inf,   -inf,   -inf, 2.7679, 3.3625, 3.7584, 4.0144, 4.1701, 4.2510,
         4.3037, 4.3377],
        [  -inf,   -inf,   -inf, 2.7699, 3.3671, 3.7653, 4.0241, 4.1805, 4.2627,
         4.3154, 4.3495],
        [  -inf,   -inf,   -inf, 2.7719, 3.3715, 3.7721, 4.0338, 4.1910, 4.2745,
         4.3272, 4.3612],
        [  -inf,   -inf,   -inf, 2.7737, 3.3760, 3.7790, 4.0434, 4.2011, 4.2862,
         4.3389, 4.3729],
        [  -inf,   -inf,   -inf, 2.7755, 3.3800, 3.7858, 4.0518, 4.2112, 4.2979,
         4.3507, 4.3847],
        [  -inf,   -inf,   -inf, 2.7771, 3.3844, 3.7927, 4.0597, 4.2213, 4.3097,
         4.3624, 4.3964],
        [  -inf,   -inf,   -inf, 2.7787, 3.3881, 3.7989, 4.0676, 4.2315, 4.3208,
         4.3741, 4.4082],
        [  -inf,   -inf,   -inf, 2.7802, 3.3917, 3.8049, 4.0755, 4.2416, 4.3319,
         4.3853, 4.4199],
        [  -inf,   -inf,   -inf, 2.7817, 3.3952, 3.8109, 4.0834, 4.2513, 4.3430,
         4.3964, 4.4310],
        [  -inf,   -inf,   -inf, 2.7831, 3.3987, 3.8168, 4.0908, 4.2609, 4.3535,
         4.4075, 4.4421],
        [  -inf,   -inf,   -inf, 2.7845, 3.4020, 3.8221, 4.0983, 4.2706, 4.3640,
         4.4180, 4.4533],
        [  -inf,   -inf,   -inf, 2.7859, 3.4052, 3.8274, 4.1057, 4.2790, 4.3741,
         4.4284, 4.4637],
        [  -inf,   -inf,   -inf, 2.7873, 3.4085, 3.8327, 4.1126, 4.2869, 4.3842,
         4.4386, 4.4742],
        [  -inf,   -inf,   -inf, 2.7886, 3.4116, 3.8379, 4.1194, 4.2948, 4.3943,
         4.4487, 4.4843],
        [  -inf,   -inf,   -inf, 2.7900, 3.4148, 3.8429, 4.1263, 4.3027, 4.4044,
         4.4588, 4.4944],
        [  -inf,   -inf,   -inf, 2.7913, 3.4179, 3.8478, 4.1331, 4.3106, 4.4146,
         4.4689, 4.5045],
        [  -inf,   -inf,   -inf, 2.7926, 3.4209, 3.8526, 4.1400, 4.3180, 4.4242,
         4.4790, 4.5147],
        [  -inf,   -inf,   -inf, 2.7939, 3.4239, 3.8575, 4.1462, 4.3254, 4.4339,
         4.4887, 4.5248],
        [  -inf,   -inf,   -inf, 2.7951, 3.4269, 3.8624, 4.1522, 4.3329, 4.4436,
         4.4984, 4.5345],
        [  -inf,   -inf,   -inf, 2.7960, 3.4296, 3.8672, 4.1582, 4.3400, 4.4520,
         4.5080, 4.5441],
        [  -inf,   -inf,   -inf, 2.7971, 3.4322, 3.8721, 4.1641, 4.3472, 4.4599,
         4.5164, 4.5538],
        [  -inf,   -inf,   -inf, 2.7980, 3.4348, 3.8769, 4.1697, 4.3544, 4.4678,
         4.5248, 4.5622],
        [  -inf,   -inf,   -inf, 2.7993, 3.4374, 3.8815, 4.1753, 4.3616, 4.4757,
         4.5331, 4.5705],
        [  -inf,   -inf,   -inf, 2.8002, 3.4400, 3.8859, 4.1809, 4.3688, 4.4836,
         4.5414, 4.5789],
        [  -inf,   -inf,   -inf, 2.8015, 3.4426, 3.8904, 4.1866, 4.3759, 4.4910,
         4.5498, 4.5872],
        [  -inf,   -inf,   -inf, 2.8025, 3.4452, 3.8946, 4.1922, 4.3828, 4.4984,
         4.5581, 4.5955],
        [  -inf,   -inf,   -inf, 2.8034, 3.4478, 3.8988, 4.1974, 4.3897, 4.5058,
         4.5664, 4.6039],
        [  -inf,   -inf,   -inf, 2.8044, 3.4503, 3.9031, 4.2027, 4.3966, 4.5130,
         4.5748, 4.6122],
        [  -inf,   -inf,   -inf, 2.8054, 3.4528, 3.9073, 4.2080, 4.4034, 4.5202,
         4.5831, 4.6205],
        [  -inf,   -inf,   -inf, 2.8063, 3.4552, 3.9116, 4.2133, 4.4102, 4.5274,
         4.5910, 4.6289],
        [  -inf,   -inf,   -inf, 2.8072, 3.4576, 3.9158, 4.2182, 4.4164, 4.5346,
         4.5989, 4.6368],
        [  -inf,   -inf,   -inf, 2.8081, 3.4599, 3.9200, 4.2231, 4.4224, 4.5417,
         4.6068, 4.6447],
        [  -inf,   -inf,   -inf, 2.8090, 3.4622, 3.9243, 4.2280, 4.4284, 4.5489,
         4.6147, 4.6525],
        [  -inf,   -inf,   -inf, 2.8098, 3.4645, 3.9279, 4.2328, 4.4344, 4.5558,
         4.6221, 4.6604],
        [  -inf,   -inf,   -inf, 2.8106, 3.4668, 3.9316, 4.2377, 4.4400, 4.5627,
         4.6295, 4.6679],
        [  -inf,   -inf,   -inf, 2.8113, 3.4690, 3.9351, 4.2426, 4.4456, 4.5696,
         4.6370, 4.6753],
        [  -inf,   -inf,   -inf, 2.8121, 3.4711, 3.9386, 4.2474, 4.4512, 4.5764,
         4.6442, 4.6827],
        [  -inf,   -inf,   -inf, 2.8129, 3.4733, 3.9420, 4.2523, 4.4568, 4.5832,
         4.6513, 4.6899],
        [  -inf,   -inf,   -inf, 2.8136, 3.4754, 3.9455, 4.2568, 4.4624, 4.5894,
         4.6585, 4.6971],
        [  -inf,   -inf,   -inf, 2.8143, 3.4775, 3.9489, 4.2613, 4.4677, 4.5954,
         4.6657, 4.7043],
        [  -inf,   -inf,   -inf, 2.8151, 3.4795, 3.9523, 4.2657, 4.4730, 4.6014,
         4.6729, 4.7115],
        [  -inf,   -inf,   -inf, 2.8158, 3.4816, 3.9556, 4.2699, 4.4782, 4.6074,
         4.6801, 4.7186],
        [  -inf,   -inf,   -inf, 2.8166, 3.4835, 3.9588, 4.2742, 4.4835, 4.6130,
         4.6869, 4.7258],
        [  -inf,   -inf,   -inf, 2.8173, 3.4855, 3.9621, 4.2784, 4.4884, 4.6186,
         4.6938, 4.7327],
        [  -inf,   -inf,   -inf, 2.8181, 3.4874, 3.9652, 4.2827, 4.4933, 4.6242,
         4.7007, 4.7396],
        [  -inf,   -inf,   -inf, 2.8188, 3.4894, 3.9684, 4.2869, 4.4982, 4.6298,
         4.7075, 4.7464],
        [  -inf,   -inf,   -inf, 2.8195, 3.4912, 3.9715, 4.2911, 4.5031, 4.6354,
         4.7143, 4.7533],
        [  -inf,   -inf,   -inf, 2.8201, 3.4930, 3.9745, 4.2953, 4.5080, 4.6407,
         4.7206, 4.7601],
        [  -inf,   -inf,   -inf, 2.8209, 3.4946, 3.9775, 4.2996, 4.5128, 4.6459,
         4.7265, 4.7663],
        [  -inf,   -inf,   -inf, 2.8215, 3.4962, 3.9805, 4.3033, 4.5177, 4.6512,
         4.7325, 4.7723],
        [  -inf,   -inf,   -inf, 2.8222, 3.4977, 3.9832, 4.3071, 4.5225, 4.6565,
         4.7385, 4.7783],
        [  -inf,   -inf,   -inf, 2.8228, 3.4993, 3.9858, 4.3108, 4.5271, 4.6616,
         4.7441, 4.7843],
        [  -inf,   -inf,   -inf, 2.8234, 3.5008, 3.9884, 4.3145, 4.5315, 4.6667,
         4.7497, 4.7902],
        [  -inf,   -inf,   -inf, 2.8240, 3.5023, 3.9910, 4.3183, 4.5359, 4.6718,
         4.7553, 4.7961],
        [  -inf,   -inf,   -inf, 2.8246, 3.5038, 3.9936, 4.3219, 4.5402, 4.6769,
         4.7609, 4.8020],
        [  -inf,   -inf,   -inf, 2.8252, 3.5052, 3.9962, 4.3256, 4.5444, 4.6820,
         4.7665, 4.8079],
        [  -inf,   -inf,   -inf, 2.8258, 3.5067, 3.9988, 4.3291, 4.5487, 4.6871,
         4.7718, 4.8138],
        [  -inf,   -inf,   -inf, 2.8263, 3.5081, 4.0014, 4.3326, 4.5529, 4.6922,
         4.7771, 4.8198],
        [  -inf,   -inf,   -inf, 2.8269, 3.5096, 4.0039, 4.3361, 4.5572, 4.6971,
         4.7823, 4.8257],
        [  -inf,   -inf,   -inf, 2.8274, 3.5110, 4.0064, 4.3396, 4.5614, 4.7020,
         4.7876, 4.8316],
        [  -inf,   -inf,   -inf, 2.8280, 3.5124, 4.0089, 4.3430, 4.5656, 4.7069,
         4.7927, 4.8375],
        [  -inf,   -inf,   -inf, 2.8285, 3.5138, 4.0112, 4.3465, 4.5698, 4.7118,
         4.7978, 4.8431],
        [  -inf,   -inf,   -inf, 2.8290, 3.5152, 4.0135, 4.3500, 4.5738, 4.7166,
         4.8029, 4.8487],
        [  -inf,   -inf,   -inf, 2.8295, 3.5166, 4.0158, 4.3534, 4.5778, 4.7215,
         4.8080, 4.8543],
        [  -inf,   -inf,   -inf, 2.8300, 3.5180, 4.0181, 4.3568, 4.5818, 4.7263,
         4.8131, 4.8599],
        [  -inf,   -inf,   -inf, 2.8305, 3.5193, 4.0204, 4.3603, 4.5857, 4.7312,
         4.8182, 4.8655],
        [  -inf,   -inf,   -inf, 2.8310, 3.5207, 4.0226, 4.3637, 4.5897, 4.7358,
         4.8233, 4.8708],
        [  -inf,   -inf,   -inf, 2.8315, 3.5220, 4.0249, 4.3670, 4.5937, 4.7402,
         4.8282, 4.8761],
        [  -inf,   -inf,   -inf, 2.8320, 3.5233, 4.0271, 4.3702, 4.5974, 4.7446,
         4.8331, 4.8813],
        [  -inf,   -inf,   -inf, 2.8324, 3.5246, 4.0293, 4.3735, 4.6012, 4.7488,
         4.8380, 4.8866],
        [  -inf,   -inf,   -inf, 2.8329, 3.5259, 4.0315, 4.3766, 4.6049, 4.7531,
         4.8429, 4.8917],
        [  -inf,   -inf,   -inf, 2.8333, 3.5272, 4.0337, 4.3797, 4.6087, 4.7573,
         4.8478, 4.8968],
        [  -inf,   -inf,   -inf, 2.8337, 3.5285, 4.0358, 4.3829, 4.6124, 4.7616,
         4.8526, 4.9019],
        [  -inf,   -inf,   -inf, 2.8341, 3.5297, 4.0379, 4.3859, 4.6161, 4.7658,
         4.8575, 4.9070],
        [  -inf,   -inf,   -inf, 2.8345, 3.5309, 4.0400, 4.3889, 4.6197, 4.7701,
         4.8623, 4.9121],
        [  -inf,   -inf,   -inf, 2.8349, 3.5320, 4.0421, 4.3919, 4.6232, 4.7742,
         4.8669, 4.9172],
        [  -inf,   -inf,   -inf, 2.8353, 3.5331, 4.0441, 4.3949, 4.6267, 4.7785,
         4.8713, 4.9223],
        [  -inf,   -inf,   -inf, 2.8357, 3.5342, 4.0460, 4.3980, 4.6302, 4.7825,
         4.8757, 4.9272],
        [  -inf,   -inf,   -inf, 2.8361, 3.5353, 4.0480, 4.4010, 4.6337, 4.7864,
         4.8800, 4.9321],
        [  -inf,   -inf,   -inf, 2.8365, 3.5364, 4.0500, 4.4040, 4.6371, 4.7904,
         4.8842, 4.9370],
        [  -inf,   -inf,   -inf, 2.8368, 3.5375, 4.0519, 4.4070, 4.6406, 4.7944,
         4.8885, 4.9419],
        [  -inf,   -inf,   -inf, 2.8371, 3.5386, 4.0538, 4.4100, 4.6441, 4.7984,
         4.8927, 4.9468],
        [  -inf,   -inf,   -inf, 2.8375, 3.5395, 4.0556, 4.4130, 4.6475, 4.8024,
         4.8969, 4.9516]])
tensor(0.0116) tensor(3.3862) (64, 10)
