tensor([[  -inf,   -inf,   -inf,   -inf,   -inf,   -inf,   -inf,   -inf,   -inf,
           -inf,   -inf,   -inf,   -inf,   -inf,   -inf,   -inf],
        [  -inf, 1.0000, 1.0000, 1.0000, 1.0000, 1.0000, 1.0000, 1.0000, 1.0000,
         1.0000, 1.0000, 1.0000, 1.0000, 1.0000, 1.0000, 1.0000],
        [  -inf,   -inf, 1.6161, 1.6161, 1.6161, 1.6161, 1.6161, 1.6161, 1.6161,
         1.6161, 1.6161, 1.6161, 1.6161, 1.6161, 1.6161, 1.6161],
        [  -inf,   -inf, 1.7161, 1.9957, 1.9957, 1.9957, 1.9957, 1.9957, 1.9957,
         1.9957, 1.9957, 1.9957, 1.9957, 1.9957, 1.9957, 1.9957],
        [  -inf,   -inf, 1.7670, 2.0957, 2.2295, 2.2295, 2.2295, 2.2295, 2.2295,
         2.2295, 2.2295, 2.2295, 2.2295, 2.2295, 2.2295, 2.2295],
        [  -inf,   -inf, 1.7957, 2.1573, 2.3295, 2.3736, 2.3736, 2.3736, 2.3736,
         2.3736, 2.3736, 2.3736, 2.3736, 2.3736, 2.3736, 2.3736],
        [  -inf,   -inf, 1.8148, 2.2189, 2.3911, 2.4736, 2.4736, 2.4736, 2.4736,
         2.4736, 2.4736, 2.4736, 2.4736, 2.4736, 2.4736, 2.4736],
        [  -inf,   -inf, 1.8320, 2.2698, 2.4528, 2.5352, 2.5624, 2.5624, 2.5624,
         2.5624, 2.5624, 2.5624, 2.5624, 2.5624, 2.5624, 2.5624],
        [  -inf,   -inf, 1.8448, 2.3012, 2.5037, 2.5968, 2.6240, 2.6240, 2.6240,
         2.6240, 2.6240, 2.6240, 2.6240, 2.6240, 2.6240, 2.6240],
        [  -inf,   -inf, 1.8547, 2.3325, 2.5416, 2.6477, 2.6856, 2.6856, 2.6856,
         2.6856, 2.6856, 2.6856, 2.6856, 2.6856, 2.6856, 2.6856],
        [  -inf,   -inf, 1.8626, 2.3612, 2.5796, 2.6857, 2.7365, 2.7403, 2.7403,
         2.7403, 2.7403, 2.7403, 2.7403, 2.7403, 2.7403, 2.7403],
        [  -inf,   -inf, 1.8694, 2.3803, 2.6175, 2.7237, 2.7745, 2.7912, 2.7912,
         2.7912, 2.7912, 2.7912, 2.7912, 2.7912, 2.7912, 2.7912],
        [  -inf,   -inf, 1.8742, 2.3980, 2.6489, 2.7616, 2.8124, 2.8292, 2.8292,
         2.8292, 2.8292, 2.8292, 2.8292, 2.8292, 2.8292, 2.8292],
        [  -inf,   -inf, 1.8799, 2.4157, 2.6803, 2.7930, 2.8504, 2.8671, 2.8671,
         2.8671, 2.8671, 2.8671, 2.8671, 2.8671, 2.8671, 2.8671],
        [  -inf,   -inf, 1.8848, 2.4329, 2.7090, 2.8243, 2.8817, 2.9051, 2.9051,
         2.9051, 2.9051, 2.9051, 2.9051, 2.9051, 2.9051, 2.9051],
        [  -inf,   -inf, 1.8887, 2.4457, 2.7283, 2.8530, 2.9131, 2.9364, 2.9388,
         2.9388, 2.9388, 2.9388, 2.9388, 2.9388, 2.9388, 2.9388],
        [  -inf,   -inf, 1.8915, 2.4575, 2.7476, 2.8764, 2.9418, 2.9678, 2.9701,
         2.9701, 2.9701, 2.9701, 2.9701, 2.9701, 2.9701, 2.9701],
        [  -inf,   -inf, 1.8940, 2.4692, 2.7669, 2.8998, 2.9652, 2.9965, 3.0015,
         3.0015, 3.0015, 3.0015, 3.0015, 3.0015, 3.0015, 3.0015],
        [  -inf,   -inf, 1.8978, 2.4798, 2.7860, 2.9232, 2.9886, 3.0199, 3.0302,
         3.0302, 3.0302, 3.0302, 3.0302, 3.0302, 3.0302, 3.0302],
        [  -inf,   -inf, 1.9009, 2.4904, 2.8037, 2.9466, 3.0120, 3.0433, 3.0536,
         3.0536, 3.0536, 3.0536, 3.0536, 3.0536, 3.0536, 3.0536],
        [  -inf,   -inf, 1.9038, 2.5004, 2.8214, 2.9659, 3.0353, 3.0666, 3.0770,
         3.0770, 3.0770, 3.0770, 3.0770, 3.0770, 3.0770, 3.0770],
        [  -inf,   -inf, 1.9063, 2.5103, 2.8386, 2.9852, 3.0547, 3.0900, 3.1003,
         3.1003, 3.1003, 3.1003, 3.1003, 3.1003, 3.1003, 3.1003],
        [  -inf,   -inf, 1.9095, 2.5182, 2.8514, 3.0045, 3.0740, 3.1094, 3.1237,
         3.1237, 3.1237, 3.1237, 3.1237, 3.1237, 3.1237, 3.1237],
        [  -inf,   -inf, 1.9117, 2.5261, 2.8631, 3.0236, 3.0933, 3.1287, 3.1430,
         3.1445, 3.1445, 3.1445, 3.1445, 3.1445, 3.1445, 3.1445],
        [  -inf,   -inf, 1.9131, 2.5340, 2.8749, 3.0413, 3.1124, 3.1480, 3.1624,
         3.1638, 3.1638, 3.1638, 3.1638, 3.1638, 3.1638, 3.1638],
        [  -inf,   -inf, 1.9149, 2.5408, 2.8858, 3.0590, 3.1301, 3.1671, 3.1817,
         3.1831, 3.1831, 3.1831, 3.1831, 3.1831, 3.1831, 3.1831],
        [  -inf,   -inf, 1.9171, 2.5469, 2.8967, 3.0762, 3.1478, 3.1848, 3.2008,
         3.2024, 3.2024, 3.2024, 3.2024, 3.2024, 3.2024, 3.2024],
        [  -inf,   -inf, 1.9188, 2.5530, 2.9076, 3.0890, 3.1650, 3.2025, 3.2185,
         3.2215, 3.2215, 3.2215, 3.2215, 3.2215, 3.2215, 3.2215],
        [  -inf,   -inf, 1.9199, 2.5581, 2.9182, 3.1009, 3.1794, 3.2197, 3.2362,
         3.2392, 3.2392, 3.2392, 3.2392, 3.2392, 3.2392, 3.2392],
        [  -inf,   -inf, 1.9217, 2.5635, 2.9288, 3.1128, 3.1938, 3.2341, 3.2534,
         3.2569, 3.2569, 3.2569, 3.2569, 3.2569, 3.2569, 3.2569],
        [  -inf,   -inf, 1.9231, 2.5686, 2.9388, 3.1247, 3.2082, 3.2485, 3.2678,
         3.2741, 3.2741, 3.2741, 3.2741, 3.2741, 3.2741, 3.2741],
        [  -inf,   -inf, 1.9240, 2.5737, 2.9487, 3.1366, 3.2226, 3.2629, 3.2822,
         3.2885, 3.2885, 3.2885, 3.2885, 3.2885, 3.2885, 3.2885],
        [  -inf,   -inf, 1.9259, 2.5786, 2.9566, 3.1484, 3.2370, 3.2773, 3.2966,
         3.3029, 3.3029, 3.3029, 3.3029, 3.3029, 3.3029, 3.3029],
        [  -inf,   -inf, 1.9266, 2.5834, 2.9645, 3.1601, 3.2498, 3.2917, 3.3110,
         3.3173, 3.3173, 3.3173, 3.3173, 3.3173, 3.3173, 3.3173],
        [  -inf,   -inf,   -inf, 2.5883, 2.9724, 3.1710, 3.2617, 3.3045, 3.3254,
         3.3317, 3.3317, 3.3317, 3.3317, 3.3317, 3.3317, 3.3317],
        [  -inf,   -inf,   -inf, 2.5925, 2.9796, 3.1819, 3.2736, 3.3164, 3.3382,
         3.3462, 3.3462, 3.3462, 3.3462, 3.3462, 3.3462, 3.3462],
        [  -inf,   -inf,   -inf, 2.5967, 2.9869, 3.1928, 3.2855, 3.3283, 3.3501,
         3.3590, 3.3590, 3.3590, 3.3590, 3.3590, 3.3590, 3.3590],
        [  -inf,   -inf,   -inf, 2.6006, 2.9941, 3.2034, 3.2974, 3.3402, 3.3620,
         3.3709, 3.3717, 3.3717, 3.3717, 3.3717, 3.3717, 3.3717],
        [  -inf,   -inf,   -inf, 2.6041, 3.0009, 3.2140, 3.3092, 3.3521, 3.3739,
         3.3828, 3.3836, 3.3836, 3.3836, 3.3836, 3.3836, 3.3836],
        [  -inf,   -inf,   -inf, 2.6071, 3.0074, 3.2240, 3.3210, 3.3639, 3.3858,
         3.3947, 3.3955, 3.3955, 3.3955, 3.3955, 3.3955, 3.3955],
        [  -inf,   -inf,   -inf, 2.6106, 3.0140, 3.2339, 3.3319, 3.3756, 3.3976,
         3.4066, 3.4075, 3.4075, 3.4075, 3.4075, 3.4075, 3.4075],
        [  -inf,   -inf,   -inf, 2.6136, 3.0205, 3.2418, 3.3427, 3.3865, 3.4093,
         3.4183, 3.4194, 3.4194, 3.4194, 3.4194, 3.4194, 3.4194],
        [  -inf,   -inf,   -inf, 2.6166, 3.0267, 3.2497, 3.3536, 3.3974, 3.4202,
         3.4301, 3.4311, 3.4311, 3.4311, 3.4311, 3.4311, 3.4311],
        [  -inf,   -inf,   -inf, 2.6197, 3.0328, 3.2576, 3.3642, 3.4083, 3.4311,
         3.4410, 3.4429, 3.4429, 3.4429, 3.4429, 3.4429, 3.4429],
        [  -inf,   -inf,   -inf, 2.6228, 3.0390, 3.2648, 3.3748, 3.4189, 3.4420,
         3.4519, 3.4538, 3.4538, 3.4538, 3.4538, 3.4538, 3.4538],
        [  -inf,   -inf,   -inf, 2.6258, 3.0451, 3.2721, 3.3848, 3.4295, 3.4526,
         3.4628, 3.4647, 3.4647, 3.4647, 3.4647, 3.4647, 3.4647],
        [  -inf,   -inf,   -inf, 2.6288, 3.0512, 3.2793, 3.3947, 3.4395, 3.4632,
         3.4734, 3.4756, 3.4756, 3.4756, 3.4756, 3.4756, 3.4756],
        [  -inf,   -inf,   -inf, 2.6318, 3.0563, 3.2861, 3.4026, 3.4494, 3.4732,
         3.4840, 3.4862, 3.4862, 3.4862, 3.4862, 3.4862, 3.4862],
        [  -inf,   -inf,   -inf, 2.6347, 3.0617, 3.2929, 3.4105, 3.4583, 3.4831,
         3.4940, 3.4968, 3.4968, 3.4968, 3.4968, 3.4968, 3.4968],
        [  -inf,   -inf,   -inf, 2.6375, 3.0668, 3.2996, 3.4184, 3.4672, 3.4920,
         3.5039, 3.5068, 3.5068, 3.5068, 3.5068, 3.5068, 3.5068],
        [  -inf,   -inf,   -inf, 2.6404, 3.0719, 3.3063, 3.4257, 3.4761, 3.5009,
         3.5128, 3.5167, 3.5167, 3.5167, 3.5167, 3.5167, 3.5167],
        [  -inf,   -inf,   -inf, 2.6432, 3.0768, 3.3130, 3.4331, 3.4849, 3.5097,
         3.5216, 3.5255, 3.5255, 3.5255, 3.5255, 3.5255, 3.5255],
        [  -inf,   -inf,   -inf, 2.6461, 3.0816, 3.3195, 3.4404, 3.4938, 3.5186,
         3.5305, 3.5344, 3.5344, 3.5344, 3.5344, 3.5344, 3.5344],
        [  -inf,   -inf,   -inf, 2.6487, 3.0865, 3.3261, 3.4477, 3.5027, 3.5275,
         3.5394, 3.5433, 3.5433, 3.5433, 3.5433, 3.5433, 3.5433],
        [  -inf,   -inf,   -inf, 2.6511, 3.0914, 3.3326, 3.4551, 3.5106, 3.5364,
         3.5483, 3.5522, 3.5522, 3.5522, 3.5522, 3.5522, 3.5522],
        [  -inf,   -inf,   -inf, 2.6535, 3.0962, 3.3387, 3.4623, 3.5185, 3.5443,
         3.5571, 3.5611, 3.5611, 3.5611, 3.5611, 3.5611, 3.5611],
        [  -inf,   -inf,   -inf, 2.6558, 3.1011, 3.3449, 3.4696, 3.5264, 3.5522,
         3.5650, 3.5699, 3.5699, 3.5699, 3.5699, 3.5699, 3.5699],
        [  -inf,   -inf,   -inf, 2.6580, 3.1053, 3.3511, 3.4768, 3.5337, 3.5601,
         3.5729, 3.5778, 3.5778, 3.5778, 3.5778, 3.5778, 3.5778],
        [  -inf,   -inf,   -inf, 2.6600, 3.1094, 3.3572, 3.4836, 3.5410, 3.5674,
         3.5808, 3.5857, 3.5857, 3.5857, 3.5857, 3.5857, 3.5857],
        [  -inf,   -inf,   -inf, 2.6619, 3.1133, 3.3633, 3.4903, 3.5484, 3.5747,
         3.5881, 3.5936, 3.5936, 3.5936, 3.5936, 3.5936, 3.5936],
        [  -inf,   -inf,   -inf, 2.6638, 3.1171, 3.3684, 3.4970, 3.5557, 3.5821,
         3.5955, 3.6009, 3.6015, 3.6015, 3.6015, 3.6015, 3.6015],
        [  -inf,   -inf,   -inf, 2.6657, 3.1209, 3.3738, 3.5038, 3.5630, 3.5894,
         3.6028, 3.6083, 3.6088, 3.6088, 3.6088, 3.6088, 3.6088],
        [  -inf,   -inf,   -inf, 2.6675, 3.1246, 3.3789, 3.5105, 3.5703, 3.5967,
         3.6101, 3.6156, 3.6161, 3.6161, 3.6161, 3.6161, 3.6161],
        [  -inf,   -inf,   -inf, 2.6694, 3.1281, 3.3839, 3.5170, 3.5775, 3.6040,
         3.6175, 3.6229, 3.6235, 3.6235, 3.6235, 3.6235, 3.6235],
        [  -inf,   -inf,   -inf, 2.6713, 3.1313, 3.3888, 3.5235, 3.5848, 3.6112,
         3.6247, 3.6303, 3.6308, 3.6308, 3.6308, 3.6308, 3.6308],
        [  -inf,   -inf,   -inf, 2.6732, 3.1346, 3.3937, 3.5301, 3.5916, 3.6185,
         3.6320, 3.6375, 3.6381, 3.6381, 3.6381, 3.6381, 3.6381],
        [  -inf,   -inf,   -inf, 2.6750, 3.1377, 3.3986, 3.5362, 3.5983, 3.6253,
         3.6392, 3.6448, 3.6454, 3.6454, 3.6454, 3.6454, 3.6454],
        [  -inf,   -inf,   -inf, 2.6768, 3.1409, 3.4034, 3.5424, 3.6050, 3.6320,
         3.6460, 3.6520, 3.6526, 3.6526, 3.6526, 3.6526, 3.6526],
        [  -inf,   -inf,   -inf, 2.6786, 3.1440, 3.4083, 3.5485, 3.6117, 3.6387,
         3.6527, 3.6588, 3.6599, 3.6599, 3.6599, 3.6599, 3.6599],
        [  -inf,   -inf,   -inf, 2.6804, 3.1471, 3.4132, 3.5546, 3.6184, 3.6454,
         3.6595, 3.6655, 3.6667, 3.6667, 3.6667, 3.6667, 3.6667],
        [  -inf,   -inf,   -inf, 2.6822, 3.1503, 3.4176, 3.5607, 3.6250, 3.6521,
         3.6662, 3.6722, 3.6734, 3.6734, 3.6734, 3.6734, 3.6734],
        [  -inf,   -inf,   -inf, 2.6839, 3.1534, 3.4221, 3.5658, 3.6315, 3.6586,
         3.6729, 3.6790, 3.6801, 3.6801, 3.6801, 3.6801, 3.6801],
        [  -inf,   -inf,   -inf, 2.6857, 3.1564, 3.4266, 3.5712, 3.6380, 3.6652,
         3.6794, 3.6857, 3.6868, 3.6868, 3.6868, 3.6868, 3.6868],
        [  -inf,   -inf,   -inf, 2.6875, 3.1595, 3.4310, 3.5763, 3.6442, 3.6717,
         3.6859, 3.6922, 3.6935, 3.6935, 3.6935, 3.6935, 3.6935],
        [  -inf,   -inf,   -inf, 2.6892, 3.1625, 3.4352, 3.5814, 3.6503, 3.6779,
         3.6925, 3.6987, 3.7001, 3.7001, 3.7001, 3.7001, 3.7001],
        [  -inf,   -inf,   -inf, 2.6909, 3.1656, 3.4394, 3.5863, 3.6565, 3.6840,
         3.6986, 3.7053, 3.7066, 3.7066, 3.7066, 3.7066, 3.7066],
        [  -inf,   -inf,   -inf, 2.6926, 3.1686, 3.4434, 3.5912, 3.6626, 3.6902,
         3.7048, 3.7114, 3.7131, 3.7131, 3.7131, 3.7131, 3.7131],
        [  -inf,   -inf,   -inf, 2.6941, 3.1717, 3.4474, 3.5961, 3.6687, 3.6963,
         3.7109, 3.7176, 3.7193, 3.7193, 3.7193, 3.7193, 3.7193],
        [  -inf,   -inf,   -inf, 2.6957, 3.1747, 3.4515, 3.6009, 3.6738, 3.7024,
         3.7170, 3.7237, 3.7255, 3.7255, 3.7255, 3.7255, 3.7255],
        [  -inf,   -inf,   -inf, 2.6971, 3.1777, 3.4555, 3.6058, 3.6792, 3.7079,
         3.7231, 3.7298, 3.7316, 3.7316, 3.7316, 3.7316, 3.7316],
        [  -inf,   -inf,   -inf, 2.6986, 3.1807, 3.4594, 3.6106, 3.6843, 3.7133,
         3.7286, 3.7359, 3.7377, 3.7377, 3.7377, 3.7377, 3.7377],
        [  -inf,   -inf,   -inf, 2.7000, 3.1836, 3.4632, 3.6151, 3.6894, 3.7188,
         3.7341, 3.7414, 3.7438, 3.7438, 3.7438, 3.7438, 3.7438],
        [  -inf,   -inf,   -inf, 2.7015, 3.1865, 3.4670, 3.6196, 3.6943, 3.7243,
         3.7395, 3.7469, 3.7493, 3.7493, 3.7493, 3.7493, 3.7493],
        [  -inf,   -inf,   -inf, 2.7029, 3.1894, 3.4708, 3.6240, 3.6991, 3.7297,
         3.7450, 3.7523, 3.7548, 3.7548, 3.7548, 3.7548, 3.7548],
        [  -inf,   -inf,   -inf, 2.7043, 3.1922, 3.4746, 3.6285, 3.7040, 3.7352,
         3.7505, 3.7578, 3.7602, 3.7602, 3.7602, 3.7602, 3.7602],
        [  -inf,   -inf,   -inf, 2.7057, 3.1951, 3.4784, 3.6327, 3.7089, 3.7407,
         3.7560, 3.7633, 3.7657, 3.7657, 3.7657, 3.7657, 3.7657],
        [  -inf,   -inf,   -inf, 2.7071, 3.1979, 3.4822, 3.6369, 3.7137, 3.7458,
         3.7614, 3.7687, 3.7712, 3.7712, 3.7712, 3.7712, 3.7712],
        [  -inf,   -inf,   -inf, 2.7084, 3.2005, 3.4859, 3.6410, 3.7186, 3.7512,
         3.7665, 3.7742, 3.7766, 3.7766, 3.7766, 3.7766, 3.7766],
        [  -inf,   -inf,   -inf, 2.7098, 3.2031, 3.4897, 3.6451, 3.7231, 3.7563,
         3.7719, 3.7793, 3.7821, 3.7821, 3.7821, 3.7821, 3.7821],
        [  -inf,   -inf,   -inf, 2.7110, 3.2057, 3.4934, 3.6493, 3.7276, 3.7613,
         3.7770, 3.7847, 3.7872, 3.7872, 3.7872, 3.7872, 3.7872],
        [  -inf,   -inf,   -inf, 2.7123, 3.2083, 3.4969, 3.6534, 3.7321, 3.7662,
         3.7821, 3.7898, 3.7926, 3.7926, 3.7926, 3.7926, 3.7926],
        [  -inf,   -inf,   -inf, 2.7135, 3.2107, 3.5001, 3.6576, 3.7367, 3.7711,
         3.7870, 3.7949, 3.7977, 3.7977, 3.7977, 3.7977, 3.7977],
        [  -inf,   -inf,   -inf, 2.7146, 3.2131, 3.5034, 3.6616, 3.7412, 3.7760,
         3.7919, 3.7998, 3.8028, 3.8028, 3.8028, 3.8028, 3.8028],
        [  -inf,   -inf,   -inf, 2.7157, 3.2154, 3.5066, 3.6656, 3.7457, 3.7808,
         3.7967, 3.8047, 3.8077, 3.8077, 3.8077, 3.8077, 3.8077],
        [  -inf,   -inf,   -inf, 2.7168, 3.2176, 3.5097, 3.6696, 3.7502, 3.7857,
         3.8016, 3.8095, 3.8125, 3.8125, 3.8125, 3.8125, 3.8125],
        [  -inf,   -inf,   -inf, 2.7179, 3.2198, 3.5128, 3.6736, 3.7546, 3.7906,
         3.8065, 3.8144, 3.8174, 3.8174, 3.8174, 3.8174, 3.8174],
        [  -inf,   -inf,   -inf, 2.7190, 3.2220, 3.5160, 3.6775, 3.7591, 3.7951,
         3.8113, 3.8192, 3.8223, 3.8223, 3.8223, 3.8223, 3.8223],
        [  -inf,   -inf,   -inf, 2.7201, 3.2239, 3.5191, 3.6813, 3.7636, 3.7996,
         3.8158, 3.8241, 3.8271, 3.8271, 3.8271, 3.8271, 3.8271],
        [  -inf,   -inf,   -inf, 2.7211, 3.2259, 3.5222, 3.6851, 3.7677, 3.8041,
         3.8204, 3.8286, 3.8320, 3.8320, 3.8320, 3.8320, 3.8320],
        [  -inf,   -inf,   -inf, 2.7221, 3.2279, 3.5253, 3.6889, 3.7719, 3.8086,
         3.8249, 3.8331, 3.8365, 3.8368, 3.8368, 3.8368, 3.8368],
        [  -inf,   -inf,   -inf, 2.7231, 3.2298, 3.5283, 3.6927, 3.7761, 3.8131,
         3.8294, 3.8377, 3.8410, 3.8414, 3.8414, 3.8414, 3.8414],
        [  -inf,   -inf,   -inf, 2.7241, 3.2317, 3.5313, 3.6965, 3.7802, 3.8177,
         3.8339, 3.8422, 3.8455, 3.8459, 3.8459, 3.8459, 3.8459],
        [  -inf,   -inf,   -inf, 2.7251, 3.2336, 3.5344, 3.7003, 3.7843, 3.8221,
         3.8384, 3.8467, 3.8501, 3.8504, 3.8504, 3.8504, 3.8504],
        [  -inf,   -inf,   -inf, 2.7259, 3.2355, 3.5375, 3.7041, 3.7885, 3.8266,
         3.8429, 3.8512, 3.8546, 3.8549, 3.8549, 3.8549, 3.8549],
        [  -inf,   -inf,   -inf, 2.7268, 3.2374, 3.5405, 3.7078, 3.7926, 3.8311,
         3.8474, 3.8557, 3.8591, 3.8594, 3.8594, 3.8594, 3.8594],
        [  -inf,   -inf,   -inf, 2.7277, 3.2392, 3.5435, 3.7116, 3.7966, 3.8355,
         3.8518, 3.8601, 3.8636, 3.8640, 3.8640, 3.8640, 3.8640],
        [  -inf,   -inf,   -inf, 2.7286, 3.2412, 3.5465, 3.7151, 3.8007, 3.8397,
         3.8563, 3.8646, 3.8680, 3.8684, 3.8684, 3.8684, 3.8684],
        [  -inf,   -inf,   -inf, 2.7295, 3.2430, 3.5495, 3.7182, 3.8047, 3.8439,
         3.8605, 3.8691, 3.8725, 3.8729, 3.8729, 3.8729, 3.8729],
        [  -inf,   -inf,   -inf, 2.7303, 3.2449, 3.5525, 3.7216, 3.8087, 3.8480,
         3.8647, 3.8733, 3.8770, 3.8774, 3.8774, 3.8774, 3.8774],
        [  -inf,   -inf,   -inf, 2.7312, 3.2467, 3.5555, 3.7247, 3.8126, 3.8522,
         3.8688, 3.8775, 3.8812, 3.8818, 3.8818, 3.8818, 3.8818],
        [  -inf,   -inf,   -inf, 2.7320, 3.2486, 3.5584, 3.7278, 3.8164, 3.8563,
         3.8729, 3.8816, 3.8853, 3.8860, 3.8860, 3.8860, 3.8860],
        [  -inf,   -inf,   -inf, 2.7329, 3.2504, 3.5614, 3.7310, 3.8202, 3.8605,
         3.8771, 3.8857, 3.8895, 3.8902, 3.8902, 3.8902, 3.8902],
        [  -inf,   -inf,   -inf, 2.7337, 3.2522, 3.5644, 3.7341, 3.8240, 3.8646,
         3.8812, 3.8899, 3.8936, 3.8943, 3.8943, 3.8943, 3.8943],
        [  -inf,   -inf,   -inf, 2.7345, 3.2540, 3.5673, 3.7372, 3.8278, 3.8686,
         3.8853, 3.8940, 3.8977, 3.8985, 3.8985, 3.8985, 3.8985],
        [  -inf,   -inf,   -inf, 2.7353, 3.2558, 3.5702, 3.7404, 3.8316, 3.8726,
         3.8894, 3.8981, 3.9019, 3.9026, 3.9026, 3.9026, 3.9026],
        [  -inf,   -inf,   -inf, 2.7360, 3.2576, 3.5730, 3.7434, 3.8354, 3.8767,
         3.8934, 3.9022, 3.9060, 3.9067, 3.9067, 3.9067, 3.9067],
        [  -inf,   -inf,   -inf, 2.7367, 3.2594, 3.5759, 3.7464, 3.8391, 3.8807,
         3.8974, 3.9062, 3.9100, 3.9109, 3.9109, 3.9109, 3.9109],
        [  -inf,   -inf,   -inf, 2.7374, 3.2611, 3.5787, 3.7495, 3.8429, 3.8846,
         3.9014, 3.9102, 3.9141, 3.9149, 3.9149, 3.9149, 3.9149],
        [  -inf,   -inf,   -inf, 2.7381, 3.2629, 3.5813, 3.7526, 3.8466, 3.8884,
         3.9053, 3.9142, 3.9181, 3.9189, 3.9189, 3.9189, 3.9189],
        [  -inf,   -inf,   -inf, 2.7387, 3.2647, 3.5839, 3.7556, 3.8502, 3.8922,
         3.9091, 3.9181, 3.9221, 3.9229, 3.9229, 3.9229, 3.9229],
        [  -inf,   -inf,   -inf, 2.7394, 3.2664, 3.5865, 3.7586, 3.8533, 3.8960,
         3.9129, 3.9219, 3.9260, 3.9270, 3.9270, 3.9270, 3.9270],
        [  -inf,   -inf,   -inf, 2.7399, 3.2682, 3.5891, 3.7616, 3.8566, 3.8998,
         3.9167, 3.9257, 3.9298, 3.9309, 3.9309, 3.9309, 3.9309],
        [  -inf,   -inf,   -inf, 2.7405, 3.2700, 3.5915, 3.7646, 3.8598, 3.9036,
         3.9205, 3.9295, 3.9336, 3.9347, 3.9347, 3.9347, 3.9347],
        [  -inf,   -inf,   -inf, 2.7410, 3.2717, 3.5939, 3.7676, 3.8629, 3.9074,
         3.9243, 3.9333, 3.9374, 3.9385, 3.9385, 3.9385, 3.9385],
        [  -inf,   -inf,   -inf, 2.7416, 3.2735, 3.5962, 3.7706, 3.8660, 3.9111,
         3.9281, 3.9371, 3.9412, 3.9422, 3.9422, 3.9422, 3.9422],
        [  -inf,   -inf,   -inf, 2.7421, 3.2752, 3.5985, 3.7736, 3.8692, 3.9149,
         3.9319, 3.9409, 3.9450, 3.9460, 3.9460, 3.9460, 3.9460],
        [  -inf,   -inf,   -inf, 2.7426, 3.2769, 3.6008, 3.7766, 3.8723, 3.9186,
         3.9356, 3.9447, 3.9488, 3.9498, 3.9498, 3.9498, 3.9498],
        [  -inf,   -inf,   -inf, 2.7431, 3.2786, 3.6032, 3.7796, 3.8754, 3.9221,
         3.9394, 3.9484, 3.9525, 3.9536, 3.9536, 3.9536, 3.9536],
        [  -inf,   -inf,   -inf, 2.7436, 3.2803, 3.6055, 3.7825, 3.8785, 3.9253,
         3.9429, 3.9522, 3.9563, 3.9574, 3.9574, 3.9574, 3.9574]])
tensor(0.0141) tensor(2.7763) (64, 8)
