tensor([[  -inf,   -inf,   -inf,   -inf,   -inf,   -inf,   -inf,   -inf,   -inf,
           -inf,   -inf,   -inf,   -inf,   -inf,   -inf,   -inf],
        [  -inf, 1.0000, 1.0000, 1.0000, 1.0000, 1.0000, 1.0000, 1.0000, 1.0000,
         1.0000, 1.0000, 1.0000, 1.0000, 1.0000, 1.0000, 1.0000],
        [  -inf,   -inf, 1.7325, 1.7325, 1.7325, 1.7325, 1.7325, 1.7325, 1.7325,
         1.7325, 1.7325, 1.7325, 1.7325, 1.7325, 1.7325, 1.7325],
        [  -inf,   -inf, 1.8183, 2.2690, 2.2690, 2.2690, 2.2690, 2.2690, 2.2690,
         2.2690, 2.2690, 2.2690, 2.2690, 2.2690, 2.2690, 2.2690],
        [  -inf,   -inf, 1.8563, 2.3548, 2.6619, 2.6619, 2.6619, 2.6619, 2.6619,
         2.6619, 2.6619, 2.6619, 2.6619, 2.6619, 2.6619, 2.6619],
        [  -inf,   -inf, 1.8774, 2.4177, 2.7478, 2.9498, 2.9498, 2.9498, 2.9498,
         2.9498, 2.9498, 2.9498, 2.9498, 2.9498, 2.9498, 2.9498],
        [  -inf,   -inf, 1.8902, 2.4806, 2.8107, 3.0356, 3.1606, 3.1606, 3.1606,
         3.1606, 3.1606, 3.1606, 3.1606, 3.1606, 3.1606, 3.1606],
        [  -inf,   -inf, 1.9005, 2.5186, 2.8736, 3.0985, 3.2464, 3.3150, 3.3150,
         3.3150, 3.3150, 3.3150, 3.3150, 3.3150, 3.3150, 3.3150],
        [  -inf,   -inf, 1.9094, 2.5464, 2.9197, 3.1614, 3.3093, 3.4009, 3.4281,
         3.4281, 3.4281, 3.4281, 3.4281, 3.4281, 3.4281, 3.4281],
        [  -inf,   -inf, 1.9161, 2.5742, 2.9657, 3.2075, 3.3722, 3.4638, 3.5140,
         3.5140, 3.5140, 3.5140, 3.5140, 3.5140, 3.5140, 3.5140],
        [  -inf,   -inf, 1.9203, 2.5953, 3.0118, 3.2536, 3.4183, 3.5267, 3.5769,
         3.5968, 3.5968, 3.5968, 3.5968, 3.5968, 3.5968, 3.5968],
        [  -inf,   -inf, 1.9251, 2.6108, 3.0498, 3.2996, 3.4644, 3.5727, 3.6398,
         3.6597, 3.6597, 3.6597, 3.6597, 3.6597, 3.6597, 3.6597],
        [  -inf,   -inf, 1.9291, 2.6263, 3.0776, 3.3376, 3.5105, 3.6188, 3.6858,
         3.7226, 3.7226, 3.7226, 3.7226, 3.7226, 3.7226, 3.7226],
        [  -inf,   -inf, 1.9315, 2.6391, 3.1054, 3.3714, 3.5484, 3.6649, 3.7319,
         3.7687, 3.7833, 3.7833, 3.7833, 3.7833, 3.7833, 3.7833],
        [  -inf,   -inf, 1.9349, 2.6494, 3.1265, 3.4051, 3.5822, 3.7029, 3.7780,
         3.8148, 3.8294, 3.8294, 3.8294, 3.8294, 3.8294, 3.8294],
        [  -inf,   -inf, 1.9379, 2.6587, 3.1469, 3.4388, 3.6159, 3.7366, 3.8160,
         3.8608, 3.8754, 3.8754, 3.8754, 3.8754, 3.8754, 3.8754],
        [  -inf,   -inf, 1.9398, 2.6681, 3.1673, 3.4726, 3.6497, 3.7703, 3.8497,
         3.8988, 3.9215, 3.9215, 3.9215, 3.9215, 3.9215, 3.9215],
        [  -inf,   -inf, 1.9425, 2.6770, 3.1876, 3.5004, 3.6834, 3.8041, 3.8835,
         3.9326, 3.9595, 3.9660, 3.9660, 3.9660, 3.9660, 3.9660],
        [  -inf,   -inf, 1.9444, 2.6845, 3.2031, 3.5282, 3.7112, 3.8378, 3.9172,
         3.9663, 3.9932, 4.0039, 4.0039, 4.0039, 4.0039, 4.0039],
        [  -inf,   -inf, 1.9454, 2.6920, 3.2186, 3.5493, 3.7390, 3.8657, 3.9509,
         4.0000, 4.0270, 4.0377, 4.0377, 4.0377, 4.0377, 4.0377],
        [  -inf,   -inf, 1.9471, 2.6994, 3.2314, 3.5697, 3.7638, 3.8935, 3.9788,
         4.0338, 4.0607, 4.0714, 4.0714, 4.0714, 4.0714, 4.0714],
        [  -inf,   -inf, 1.9477, 2.7062, 3.2427, 3.5901, 3.7885, 3.9182, 4.0066,
         4.0616, 4.0945, 4.1052, 4.1052, 4.1052, 4.1052, 4.1052],
        [  -inf,   -inf, 1.9500, 2.7126, 3.2540, 3.6105, 3.8132, 3.9429, 4.0313,
         4.0894, 4.1223, 4.1389, 4.1389, 4.1389, 4.1389, 4.1389],
        [  -inf,   -inf, 1.9510, 2.7191, 3.2653, 3.6259, 3.8379, 3.9676, 4.0560,
         4.1141, 4.1501, 4.1667, 4.1715, 4.1715, 4.1715, 4.1715],
        [  -inf,   -inf, 1.9523, 2.7241, 3.2756, 3.6414, 3.8626, 3.9923, 4.0807,
         4.1389, 4.1748, 4.1946, 4.1993, 4.1993, 4.1993, 4.1993],
        [  -inf,   -inf, 1.9538, 2.7290, 3.2850, 3.6563, 3.8837, 4.0171, 4.1054,
         4.1636, 4.1995, 4.2193, 4.2271, 4.2271, 4.2271, 4.2271],
        [  -inf,   -inf, 1.9553, 2.7332, 3.2944, 3.6712, 3.9041, 4.0382, 4.1302,
         4.1883, 4.2243, 4.2440, 4.2518, 4.2518, 4.2518, 4.2518],
        [  -inf,   -inf, 1.9564, 2.7380, 3.3032, 3.6861, 3.9245, 4.0585, 4.1513,
         4.2130, 4.2490, 4.2687, 4.2765, 4.2765, 4.2765, 4.2765],
        [  -inf,   -inf, 1.9571, 2.7420, 3.3108, 3.7011, 3.9449, 4.0789, 4.1716,
         4.2341, 4.2737, 4.2934, 4.3013, 4.3013, 4.3013, 4.3013],
        [  -inf,   -inf, 1.9582, 2.7456, 3.3183, 3.7139, 3.9603, 4.0993, 4.1920,
         4.2545, 4.2948, 4.3181, 4.3260, 4.3260, 4.3260, 4.3260],
        [  -inf,   -inf, 1.9591, 2.7488, 3.3257, 3.7252, 3.9758, 4.1174, 4.2124,
         4.2749, 4.3152, 4.3392, 4.3507, 4.3507, 4.3507, 4.3507],
        [  -inf,   -inf, 1.9600, 2.7522, 3.3325, 3.7365, 3.9907, 4.1355, 4.2305,
         4.2952, 4.3355, 4.3596, 4.3718, 4.3745, 4.3745, 4.3745],
        [  -inf,   -inf, 1.9604, 2.7555, 3.3394, 3.7479, 4.0056, 4.1536, 4.2486,
         4.3133, 4.3559, 4.3800, 4.3922, 4.3956, 4.3956, 4.3956],
        [  -inf,   -inf, 1.9616, 2.7587, 3.3463, 3.7581, 4.0206, 4.1717, 4.2667,
         4.3314, 4.3740, 4.4004, 4.4125, 4.4160, 4.4160, 4.4160],
        [  -inf,   -inf, 2.0000, 2.7618, 3.3531, 3.7675, 4.0355, 4.1898, 4.2848,
         4.3496, 4.3921, 4.4185, 4.4329, 4.4364, 4.4364, 4.4364],
        [  -inf,   -inf,   -inf, 2.7647, 3.3595, 3.7769, 4.0483, 4.2079, 4.3029,
         4.3677, 4.4102, 4.4366, 4.4510, 4.4568, 4.4568, 4.4568],
        [  -inf,   -inf,   -inf, 2.7676, 3.3660, 3.7857, 4.0596, 4.2234, 4.3210,
         4.3858, 4.4283, 4.4547, 4.4691, 4.4749, 4.4749, 4.4749],
        [  -inf,   -inf,   -inf, 2.7705, 3.3715, 3.7940, 4.0709, 4.2388, 4.3365,
         4.4039, 4.4464, 4.4728, 4.4872, 4.4930, 4.4930, 4.4930],
        [  -inf,   -inf,   -inf, 2.7734, 3.3770, 3.8023, 4.0823, 4.2538, 4.3519,
         4.4193, 4.4645, 4.4909, 4.5053, 4.5111, 4.5111, 4.5111],
        [  -inf,   -inf,   -inf, 2.7763, 3.3826, 3.8106, 4.0932, 4.2687, 4.3669,
         4.4348, 4.4800, 4.5090, 4.5234, 4.5292, 4.5292, 4.5292],
        [  -inf,   -inf,   -inf, 2.7788, 3.3880, 3.8189, 4.1041, 4.2836, 4.3818,
         4.4497, 4.4955, 4.5245, 4.5415, 4.5473, 4.5473, 4.5473],
        [  -inf,   -inf,   -inf, 2.7810, 3.3934, 3.8264, 4.1151, 4.2985, 4.3967,
         4.4646, 4.5104, 4.5399, 4.5570, 4.5654, 4.5654, 4.5654],
        [  -inf,   -inf,   -inf, 2.7835, 3.3988, 3.8340, 4.1260, 4.3113, 4.4116,
         4.4796, 4.5253, 4.5548, 4.5725, 4.5809, 4.5829, 4.5829],
        [  -inf,   -inf,   -inf, 2.7864, 3.4037, 3.8414, 4.1369, 4.3227, 4.4249,
         4.4945, 4.5402, 4.5698, 4.5874, 4.5963, 4.5983, 4.5983],
        [  -inf,   -inf,   -inf, 2.7958, 3.4087, 3.8482, 4.1472, 4.3340, 4.4382,
         4.5077, 4.5552, 4.5847, 4.6023, 4.6112, 4.6138, 4.6138],
        [  -inf,   -inf,   -inf, 2.8033, 3.4134, 3.8551, 4.1566, 4.3453, 4.4514,
         4.5210, 4.5684, 4.5996, 4.6172, 4.6262, 4.6287, 4.6287],
        [  -inf,   -inf,   -inf, 2.8108, 3.4182, 3.8620, 4.1660, 4.3562, 4.4647,
         4.5343, 4.5817, 4.6129, 4.6322, 4.6411, 4.6436, 4.6436],
        [  -inf,   -inf,   -inf, 2.8182, 3.4229, 3.8687, 4.1748, 4.3672, 4.4779,
         4.5475, 4.5949, 4.6261, 4.6454, 4.6560, 4.6585, 4.6585],
        [  -inf,   -inf,   -inf, 2.8247, 3.4272, 3.8752, 4.1831, 4.3781, 4.4912,
         4.5608, 4.6082, 4.6394, 4.6587, 4.6693, 4.6735, 4.6735],
        [  -inf,   -inf,   -inf, 2.8312, 3.4319, 3.8817, 4.1914, 4.3890, 4.5045,
         4.5740, 4.6215, 4.6526, 4.6719, 4.6825, 4.6867, 4.6867],
        [  -inf,   -inf,   -inf, 2.8361, 3.4359, 3.8872, 4.1997, 4.4000, 4.5173,
         4.5873, 4.6347, 4.6659, 4.6852, 4.6958, 4.7000, 4.7000],
        [  -inf,   -inf,   -inf, 2.8411, 3.4395, 3.8927, 4.2080, 4.4102, 4.5286,
         4.6001, 4.6480, 4.6792, 4.6985, 4.7090, 4.7133, 4.7133],
        [  -inf,   -inf,   -inf, 2.8446, 3.4431, 3.8982, 4.2155, 4.4196, 4.5399,
         4.6114, 4.6608, 4.6924, 4.7117, 4.7223, 4.7265, 4.7265],
        [  -inf,   -inf,   -inf, 2.8479, 3.4468, 3.9036, 4.2230, 4.4290, 4.5512,
         4.6228, 4.6721, 4.7052, 4.7250, 4.7356, 4.7398, 4.7398],
        [  -inf,   -inf,   -inf, 2.8512, 3.4503, 3.9090, 4.2304, 4.4378, 4.5622,
         4.6341, 4.6834, 4.7166, 4.7378, 4.7488, 4.7530, 4.7530],
        [  -inf,   -inf,   -inf, 2.8545, 3.4536, 3.9144, 4.2373, 4.4461, 4.5731,
         4.6450, 4.6948, 4.7279, 4.7491, 4.7616, 4.7663, 4.7663],
        [  -inf,   -inf,   -inf, 2.8578, 3.4570, 3.9195, 4.2442, 4.4544, 4.5840,
         4.6559, 4.7057, 4.7392, 4.7604, 4.7730, 4.7791, 4.7791],
        [  -inf,   -inf,   -inf, 2.8611, 3.4602, 3.9245, 4.2510, 4.4627, 4.5950,
         4.6669, 4.7166, 4.7501, 4.7718, 4.7843, 4.7904, 4.7919],
        [  -inf,   -inf,   -inf, 2.8641, 3.4651, 3.9295, 4.2578, 4.4710, 4.6059,
         4.6778, 4.7276, 4.7611, 4.7827, 4.7956, 4.8018, 4.8032],
        [  -inf,   -inf,   -inf, 2.8670, 3.4720, 3.9346, 4.2643, 4.4790, 4.6162,
         4.6887, 4.7385, 4.7720, 4.7936, 4.8065, 4.8131, 4.8145],
        [  -inf,   -inf,   -inf, 2.8699, 3.4788, 3.9395, 4.2707, 4.4870, 4.6256,
         4.6990, 4.7494, 4.7829, 4.8046, 4.8175, 4.8240, 4.8259],
        [  -inf,   -inf,   -inf, 2.8724, 3.4857, 3.9445, 4.2768, 4.4950, 4.6349,
         4.7087, 4.7597, 4.7939, 4.8155, 4.8284, 4.8349, 4.8368],
        [  -inf,   -inf,   -inf, 2.8745, 3.4922, 3.9492, 4.2829, 4.5031, 4.6438,
         4.7184, 4.7694, 4.8041, 4.8264, 4.8393, 4.8459, 4.8477],
        [  -inf,   -inf,   -inf, 2.8766, 3.4987, 3.9540, 4.2890, 4.5111, 4.6521,
         4.7282, 4.7791, 4.8139, 4.8367, 4.8503, 4.8568, 4.8587],
        [  -inf,   -inf,   -inf, 2.8788, 3.5042, 3.9587, 4.2951, 4.5191, 4.6604,
         4.7379, 4.7888, 4.8236, 4.8464, 4.8605, 4.8677, 4.8696],
        [  -inf,   -inf,   -inf, 2.8809, 3.5097, 3.9630, 4.3011, 4.5266, 4.6687,
         4.7476, 4.7986, 4.8333, 4.8561, 4.8703, 4.8780, 4.8805],
        [  -inf,   -inf,   -inf, 2.8829, 3.5152, 3.9677, 4.3066, 4.5341, 4.6770,
         4.7573, 4.8083, 4.8430, 4.8658, 4.8800, 4.8877, 4.8908],
        [  -inf,   -inf,   -inf, 2.8847, 3.5206, 3.9718, 4.3122, 4.5415, 4.6850,
         4.7670, 4.8180, 4.8527, 4.8756, 4.8897, 4.8974, 4.9005],
        [  -inf,   -inf,   -inf, 2.8866, 3.5260, 3.9758, 4.3177, 4.5484, 4.6930,
         4.7767, 4.8277, 4.8624, 4.8853, 4.8994, 4.9072, 4.9102],
        [  -inf,   -inf,   -inf, 2.8883, 3.5314, 3.9799, 4.3231, 4.5552, 4.7010,
         4.7861, 4.8374, 4.8721, 4.8950, 4.9091, 4.9169, 4.9199],
        [  -inf,   -inf,   -inf, 2.8901, 3.5364, 3.9839, 4.3285, 4.5621, 4.7090,
         4.7955, 4.8468, 4.8819, 4.9047, 4.9188, 4.9266, 4.9297],
        [  -inf,   -inf,   -inf, 2.8918, 3.5413, 3.9885, 4.3339, 4.5689, 4.7170,
         4.8043, 4.8562, 4.8912, 4.9144, 4.9285, 4.9363, 4.9394],
        [  -inf,   -inf,   -inf, 2.8935, 3.5461, 3.9959, 4.3389, 4.5754, 4.7250,
         4.8126, 4.8650, 4.9006, 4.9238, 4.9383, 4.9460, 4.9491],
        [  -inf,   -inf,   -inf, 2.8950, 3.5508, 4.0027, 4.3439, 4.5818, 4.7325,
         4.8209, 4.8733, 4.9095, 4.9332, 4.9476, 4.9557, 4.9588],
        [  -inf,   -inf,   -inf, 2.8964, 3.5556, 4.0096, 4.3490, 4.5879, 4.7401,
         4.8292, 4.8816, 4.9177, 4.9420, 4.9570, 4.9651, 4.9685],
        [  -inf,   -inf,   -inf, 2.8978, 3.5592, 4.0165, 4.3540, 4.5940, 4.7474,
         4.8375, 4.8899, 4.9260, 4.9503, 4.9659, 4.9745, 4.9779],
        [  -inf,   -inf,   -inf, 2.9025, 3.5628, 4.0230, 4.3590, 4.6001, 4.7543,
         4.8455, 4.8982, 4.9343, 4.9586, 4.9742, 4.9833, 4.9873],
        [  -inf,   -inf,   -inf, 2.9061, 3.5664, 4.0294, 4.3639, 4.6061, 4.7612,
         4.8535, 4.9062, 4.9426, 4.9669, 4.9824, 4.9916, 4.9961],
        [  -inf,   -inf,   -inf, 2.9094, 3.5700, 4.0350, 4.3687, 4.6122, 4.7680,
         4.8615, 4.9142, 4.9506, 4.9752, 4.9907, 4.9999, 5.0044],
        [  -inf,   -inf,   -inf, 2.9126, 3.5733, 4.0405, 4.3734, 4.6177, 4.7748,
         4.8695, 4.9222, 4.9586, 4.9832, 4.9990, 5.0082, 5.0127],
        [  -inf,   -inf,   -inf, 2.9159, 3.5766, 4.0460, 4.3782, 4.6232, 4.7813,
         4.8775, 4.9302, 4.9667, 4.9912, 5.0070, 5.0165, 5.0210],
        [  -inf,   -inf,   -inf, 2.9189, 3.5799, 4.0514, 4.3824, 4.6288, 4.7878,
         4.8855, 4.9382, 4.9747, 4.9992, 5.0150, 5.0245, 5.0293],
        [  -inf,   -inf,   -inf, 2.9218, 3.5832, 4.0568, 4.3872, 4.6342, 4.7938,
         4.8931, 4.9462, 4.9827, 5.0072, 5.0231, 5.0325, 5.0373],
        [  -inf,   -inf,   -inf, 2.9243, 3.5864, 4.0622, 4.3912, 4.6396, 4.7999,
         4.9006, 4.9538, 4.9907, 5.0152, 5.0311, 5.0405, 5.0453],
        [  -inf,   -inf,   -inf, 2.9265, 3.5895, 4.0672, 4.3960, 4.6450, 4.8060,
         4.9080, 4.9613, 4.9982, 5.0232, 5.0391, 5.0485, 5.0533],
        [  -inf,   -inf,   -inf, 2.9285, 3.5924, 4.0723, 4.4029, 4.6500, 4.8121,
         4.9149, 4.9687, 5.0057, 5.0308, 5.0471, 5.0565, 5.0613],
        [  -inf,   -inf,   -inf, 2.9303, 3.5953, 4.0773, 4.4097, 4.6550, 4.8181,
         4.9217, 4.9758, 5.0131, 5.0383, 5.0546, 5.0645, 5.0693],
        [  -inf,   -inf,   -inf, 2.9321, 3.5979, 4.0823, 4.4166, 4.6601, 4.8240,
         4.9286, 4.9829, 5.0202, 5.0457, 5.0621, 5.0721, 5.0773],
        [  -inf,   -inf,   -inf, 2.9339, 3.6005, 4.0873, 4.4231, 4.6651, 4.8299,
         4.9354, 4.9900, 5.0273, 5.0528, 5.0695, 5.0796, 5.0849],
        [  -inf,   -inf,   -inf, 2.9356, 3.6030, 4.0922, 4.4296, 4.6701, 4.8357,
         4.9418, 4.9971, 5.0345, 5.0599, 5.0766, 5.0870, 5.0924],
        [  -inf,   -inf,   -inf, 2.9370, 3.6054, 4.0970, 4.4356, 4.6750, 4.8416,
         4.9483, 5.0042, 5.0416, 5.0670, 5.0837, 5.0941, 5.0998],
        [  -inf,   -inf,   -inf, 2.9385, 3.6078, 4.1017, 4.4417, 4.6798, 4.8475,
         4.9544, 5.0113, 5.0487, 5.0741, 5.0909, 5.1012, 5.1069],
        [  -inf,   -inf,   -inf, 2.9399, 3.6102, 4.1065, 4.4478, 4.6845, 4.8533,
         4.9605, 5.0185, 5.0558, 5.0812, 5.0980, 5.1083, 5.1140],
        [  -inf,   -inf,   -inf, 2.9413, 3.6126, 4.1105, 4.4539, 4.6892, 4.8592,
         4.9665, 5.0256, 5.0629, 5.0884, 5.1051, 5.1154, 5.1211],
        [  -inf,   -inf,   -inf, 2.9426, 3.6150, 4.1145, 4.4599, 4.6937, 4.8647,
         4.9726, 5.0327, 5.0700, 5.0955, 5.1122, 5.1225, 5.1282],
        [  -inf,   -inf,   -inf, 2.9437, 3.6174, 4.1186, 4.4655, 4.6983, 4.8702,
         4.9787, 5.0396, 5.0771, 5.1026, 5.1193, 5.1297, 5.1353],
        [  -inf,   -inf,   -inf, 2.9448, 3.6198, 4.1226, 4.4710, 4.7027, 4.8757,
         4.9846, 5.0464, 5.0840, 5.1097, 5.1264, 5.1368, 5.1425],
        [  -inf,   -inf,   -inf, 2.9459, 3.6234, 4.1266, 4.4765, 4.7078, 4.8811,
         4.9904, 5.0533, 5.0909, 5.1166, 5.1335, 5.1439, 5.1496],
        [  -inf,   -inf,   -inf, 2.9470, 3.6281, 4.1305, 4.4819, 4.7152, 4.8865,
         4.9963, 5.0601, 5.0978, 5.1234, 5.1404, 5.1510, 5.1567],
        [  -inf,   -inf,   -inf, 2.9479, 3.6329, 4.1345, 4.4873, 4.7221, 4.8919,
         5.0021, 5.0665, 5.1045, 5.1303, 5.1473, 5.1579, 5.1638],
        [  -inf,   -inf,   -inf, 2.9488, 3.6376, 4.1385, 4.4927, 4.7289, 4.8970,
         5.0080, 5.0730, 5.1110, 5.1371, 5.1542, 5.1647, 5.1707],
        [  -inf,   -inf,   -inf, 2.9496, 3.6412, 4.1424, 4.4977, 4.7358, 4.9020,
         5.0139, 5.0791, 5.1175, 5.1436, 5.1609, 5.1716, 5.1775],
        [  -inf,   -inf,   -inf, 2.9505, 3.6449, 4.1464, 4.5028, 4.7423, 4.9070,
         5.0197, 5.0852, 5.1235, 5.1500, 5.1674, 5.1784, 5.1844],
        [  -inf,   -inf,   -inf, 2.9514, 3.6485, 4.1500, 4.5078, 4.7487, 4.9121,
         5.0253, 5.0913, 5.1296, 5.1561, 5.1739, 5.1849, 5.1912],
        [  -inf,   -inf,   -inf, 2.9522, 3.6521, 4.1536, 4.5128, 4.7548, 4.9170,
         5.0308, 5.0973, 5.1357, 5.1622, 5.1799, 5.1913, 5.1977],
        [  -inf,   -inf,   -inf, 2.9530, 3.6554, 4.1573, 4.5178, 4.7609, 4.9220,
         5.0363, 5.1034, 5.1418, 5.1683, 5.1860, 5.1974, 5.2041],
        [  -inf,   -inf,   -inf, 2.9538, 3.6586, 4.1608, 4.5227, 4.7670, 4.9267,
         5.0417, 5.1093, 5.1478, 5.1743, 5.1921, 5.2035, 5.2102],
        [  -inf,   -inf,   -inf, 2.9546, 3.6619, 4.1643, 4.5275, 4.7731, 4.9315,
         5.0471, 5.1151, 5.1537, 5.1804, 5.1982, 5.2096, 5.2163],
        [  -inf,   -inf,   -inf, 2.9553, 3.6649, 4.1678, 4.5322, 4.7791, 4.9362,
         5.0525, 5.1210, 5.1596, 5.1863, 5.2042, 5.2156, 5.2224],
        [  -inf,   -inf,   -inf, 2.9561, 3.6678, 4.1712, 4.5370, 4.7846, 4.9417,
         5.0575, 5.1269, 5.1654, 5.1921, 5.2101, 5.2217, 5.2284],
        [  -inf,   -inf,   -inf, 2.9568, 3.6705, 4.1747, 4.5410, 4.7902, 4.9482,
         5.0626, 5.1327, 5.1713, 5.1980, 5.2160, 5.2276, 5.2345],
        [  -inf,   -inf,   -inf, 2.9575, 3.6731, 4.1780, 4.5450, 4.7957, 4.9547,
         5.0676, 5.1386, 5.1772, 5.2039, 5.2218, 5.2334, 5.2404],
        [  -inf,   -inf,   -inf, 2.9583, 3.6755, 4.1813, 4.5491, 4.8011, 4.9608,
         5.0726, 5.1445, 5.1830, 5.2097, 5.2277, 5.2393, 5.2462],
        [  -inf,   -inf,   -inf, 2.9589, 3.6779, 4.1846, 4.5531, 4.8065, 4.9668,
         5.0776, 5.1500, 5.1889, 5.2156, 5.2336, 5.2452, 5.2521],
        [  -inf,   -inf,   -inf, 2.9595, 3.6803, 4.1879, 4.5571, 4.8119, 4.9729,
         5.0825, 5.1555, 5.1944, 5.2215, 5.2394, 5.2510, 5.2580],
        [  -inf,   -inf,   -inf, 2.9601, 3.6828, 4.1911, 4.5610, 4.8169, 4.9790,
         5.0873, 5.1610, 5.1999, 5.2270, 5.2453, 5.2569, 5.2638],
        [  -inf,   -inf,   -inf, 2.9606, 3.6852, 4.1942, 4.5650, 4.8219, 4.9851,
         5.0920, 5.1664, 5.2054, 5.2325, 5.2508, 5.2628, 5.2697],
        [  -inf,   -inf,   -inf, 2.9611, 3.6876, 4.1971, 4.5690, 4.8270, 4.9910,
         5.0968, 5.1718, 5.2108, 5.2380, 5.2563, 5.2683, 5.2756],
        [  -inf,   -inf,   -inf, 2.9616, 3.6900, 4.2000, 4.5729, 4.8320, 4.9969,
         5.1023, 5.1772, 5.2163, 5.2434, 5.2618, 5.2738, 5.2811],
        [  -inf,   -inf,   -inf, 2.9620, 3.6924, 4.2036, 4.5769, 4.8370, 5.0027,
         5.1088, 5.1822, 5.2217, 5.2488, 5.2673, 5.2793, 5.2866],
        [  -inf,   -inf,   -inf, 2.9625, 3.6948, 4.2077, 4.5806, 4.8419, 5.0086,
         5.1152, 5.1873, 5.2269, 5.2542, 5.2727, 5.2847, 5.2921],
        [  -inf,   -inf,   -inf, 2.9629, 3.6972, 4.2117, 4.5842, 4.8467, 5.0144,
         5.1213, 5.1923, 5.2321, 5.2594, 5.2781, 5.2901, 5.2975],
        [  -inf,   -inf,   -inf, 2.9633, 3.6995, 4.2158, 4.5879, 4.8514, 5.0203,
         5.1274, 5.1973, 5.2373, 5.2646, 5.2833, 5.2955, 5.3029],
        [  -inf,   -inf,   -inf, 2.9637, 3.7019, 4.2198, 4.5916, 4.8562, 5.0262,
         5.1335, 5.2023, 5.2425, 5.2698, 5.2885, 5.3007, 5.3083],
        [  -inf,   -inf,   -inf, 2.9641, 3.7042, 4.2237, 4.5953, 4.8606, 5.0320,
         5.1395, 5.2073, 5.2477, 5.2751, 5.2937, 5.3059, 5.3135],
        [  -inf,   -inf,   -inf, 2.9645, 3.7064, 4.2277, 4.5989, 4.8651, 5.0376,
         5.1456, 5.2120, 5.2529, 5.2803, 5.2989, 5.3112, 5.3187],
        [  -inf,   -inf,   -inf, 2.9648, 3.7086, 4.2317, 4.6026, 4.8695, 5.0431,
         5.1515, 5.2167, 5.2581, 5.2855, 5.3041, 5.3164, 5.3239],
        [  -inf,   -inf,   -inf, 2.9652, 3.7107, 4.2356, 4.6062, 4.8740, 5.0486,
         5.1574, 5.2215, 5.2633, 5.2907, 5.3093, 5.3216, 5.3292],
        [  -inf,   -inf,   -inf, 2.9656, 3.7128, 4.2396, 4.6098, 4.8784, 5.0540,
         5.1633, 5.2270, 5.2686, 5.2959, 5.3145, 5.3268, 5.3344]])
tensor(0.0066) tensor(3.9480) (32, 9)
