tensor([[  -inf,   -inf,   -inf,   -inf,   -inf,   -inf,   -inf,   -inf,   -inf,
           -inf,   -inf,   -inf,   -inf,   -inf,   -inf,   -inf],
        [  -inf, 1.0000, 1.0000, 1.0000, 1.0000, 1.0000, 1.0000, 1.0000, 1.0000,
         1.0000, 1.0000, 1.0000, 1.0000, 1.0000, 1.0000, 1.0000],
        [  -inf,   -inf, 1.7325, 1.7325, 1.7325, 1.7325, 1.7325, 1.7325, 1.7325,
         1.7325, 1.7325, 1.7325, 1.7325, 1.7325, 1.7325, 1.7325],
        [  -inf,   -inf, 1.8183, 2.2690, 2.2690, 2.2690, 2.2690, 2.2690, 2.2690,
         2.2690, 2.2690, 2.2690, 2.2690, 2.2690, 2.2690, 2.2690],
        [  -inf,   -inf, 1.8563, 2.3548, 2.6619, 2.6619, 2.6619, 2.6619, 2.6619,
         2.6619, 2.6619, 2.6619, 2.6619, 2.6619, 2.6619, 2.6619],
        [  -inf,   -inf, 1.8774, 2.4177, 2.7478, 2.9498, 2.9498, 2.9498, 2.9498,
         2.9498, 2.9498, 2.9498, 2.9498, 2.9498, 2.9498, 2.9498],
        [  -inf,   -inf, 1.8902, 2.4806, 2.8107, 3.0356, 3.1606, 3.1606, 3.1606,
         3.1606, 3.1606, 3.1606, 3.1606, 3.1606, 3.1606, 3.1606],
        [  -inf,   -inf, 1.9005, 2.5186, 2.8736, 3.0985, 3.2464, 3.3150, 3.3150,
         3.3150, 3.3150, 3.3150, 3.3150, 3.3150, 3.3150, 3.3150],
        [  -inf,   -inf, 1.9094, 2.5464, 2.9197, 3.1614, 3.3093, 3.4009, 3.4281,
         3.4281, 3.4281, 3.4281, 3.4281, 3.4281, 3.4281, 3.4281],
        [  -inf,   -inf, 1.9161, 2.5742, 2.9657, 3.2075, 3.3722, 3.4638, 3.5140,
         3.5140, 3.5140, 3.5140, 3.5140, 3.5140, 3.5140, 3.5140],
        [  -inf,   -inf, 1.9203, 2.5953, 3.0118, 3.2536, 3.4183, 3.5267, 3.5769,
         3.5968, 3.5968, 3.5968, 3.5968, 3.5968, 3.5968, 3.5968],
        [  -inf,   -inf, 1.9251, 2.6108, 3.0498, 3.2996, 3.4644, 3.5727, 3.6398,
         3.6597, 3.6597, 3.6597, 3.6597, 3.6597, 3.6597, 3.6597],
        [  -inf,   -inf, 1.9291, 2.6263, 3.0776, 3.3376, 3.5105, 3.6188, 3.6858,
         3.7226, 3.7226, 3.7226, 3.7226, 3.7226, 3.7226, 3.7226],
        [  -inf,   -inf, 1.9315, 2.6391, 3.1054, 3.3714, 3.5484, 3.6649, 3.7319,
         3.7687, 3.7833, 3.7833, 3.7833, 3.7833, 3.7833, 3.7833],
        [  -inf,   -inf, 1.9349, 2.6494, 3.1265, 3.4051, 3.5822, 3.7029, 3.7780,
         3.8148, 3.8294, 3.8294, 3.8294, 3.8294, 3.8294, 3.8294],
        [  -inf,   -inf, 1.9379, 2.6587, 3.1469, 3.4388, 3.6159, 3.7366, 3.8160,
         3.8608, 3.8754, 3.8754, 3.8754, 3.8754, 3.8754, 3.8754],
        [  -inf,   -inf, 1.9398, 2.6681, 3.1673, 3.4726, 3.6497, 3.7703, 3.8497,
         3.8988, 3.9215, 3.9215, 3.9215, 3.9215, 3.9215, 3.9215]])
tensor(0.0073) tensor(3.5686) (16, 9)
